Using pre-set license
Built from '2020.3/release' branch; Version is '2020.3.2f1 (8fd9074bf66c) revision 9427207'; Using compiler version '192528614'; Build Type 'Release'
OS: 'Windows 10 Home; OS build 19042.1288; Version 2009; 64bit' Language: 'ja' Physical Memory: 16207 MB
BatchMode: 1, IsHumanControllingUs: 0, StartBugReporterOnCrash: 0, Is64bit: 1, IsPro: 0

 COMMAND LINE ARGUMENTS:
C:\Program Files\Unity\Hub\Editor\2019.4.16f1\Editor\Unity.exe
-adb2
-batchMode
-noUpm
-name
AssetImportWorker0
-projectPath
C:/ゲーム制作サークル/2021年度/日本ゲーム大賞アマチュア部門/JGA_2021_バージョン管理/Morumotto_Wheerun_Select
-logFile
Logs/AssetImportWorker0.log
-srvPort
58603
Successfully changed project path to: C:/ゲーム制作サークル/2021年度/日本ゲーム大賞アマチュア部門/JGA_2021_バージョン管理/Morumotto_Wheerun_Select
C:/ゲーム制作サークル/2021年度/日本ゲーム大賞アマチュア部門/JGA_2021_バージョン管理/Morumotto_Wheerun_Select
Using Asset Import Pipeline V2.
Refreshing native plugins compatible for Editor in 18.41 ms, found 0 plugins.
Preloading 0 native plugins for Editor in 0.00 ms.
Initialize engine version: 2020.3.2f1 (8fd9074bf66c)
[Subsystems] Discovering subsystems at path C:/Program Files/Unity/Hub/Editor/2019.4.16f1/Editor/Data/Resources/UnitySubsystems
[Subsystems] Discovering subsystems at path C:/ゲーム制作サークル/2021年度/日本ゲーム大賞アマチュア部門/JGA_2021_バージョン管理/Morumotto_Wheerun_Select/Assets
GfxDevice: creating device client; threaded=0
Direct3D:
    Version:  Direct3D 11.0 [level 11.1]
    Renderer: NVIDIA GeForce GTX 1660 Ti (ID=0x2191)
    Vendor:   
    VRAM:     5991 MB
    Driver:   27.21.14.6275
Initialize mono
Mono path[0] = 'C:/Program Files/Unity/Hub/Editor/2019.4.16f1/Editor/Data/Managed'
Mono path[1] = 'C:/Program Files/Unity/Hub/Editor/2019.4.16f1/Editor/Data/MonoBleedingEdge/lib/mono/unityjit'
Mono config path = 'C:/Program Files/Unity/Hub/Editor/2019.4.16f1/Editor/Data/MonoBleedingEdge/etc'
Using monoOptions --debugger-agent=transport=dt_socket,embedding=1,server=y,suspend=n,address=127.0.0.1:56540
Begin MonoManager ReloadAssembly
Registering precompiled unity dll's ...
Register platform support module: C:/Program Files/Unity/Hub/Editor/2019.4.16f1/Editor/Data/PlaybackEngines/WindowsStandaloneSupport/UnityEditor.WindowsStandalone.Extensions.dll
Registered in 0.001495 seconds.
Native extension for WindowsStandalone target not found
Refreshing native plugins compatible for Editor in 18.01 ms, found 0 plugins.
Preloading 0 native plugins for Editor in 0.00 ms.
Invoked RoslynAnalysisRunner static constructor.
RoslynAnalysisRunner will not be running.
RoslynAnalysisRunner has terminated.
Mono: successfully reloaded assembly
- Completed reload, in  0.756 seconds
Platform modules already initialized, skipping
Registering precompiled user dll's ...
Registered in 0.000527 seconds.
Begin MonoManager ReloadAssembly
Native extension for WindowsStandalone target not found
Refreshing native plugins compatible for Editor in 0.17 ms, found 0 plugins.
Preloading 0 native plugins for Editor in 0.00 ms.
Invoked RoslynAnalysisRunner static constructor.
RoslynAnalysisRunner will not be running.
RoslynAnalysisRunner has terminated.
Mono: successfully reloaded assembly
- Completed reload, in  0.638 seconds
Platform modules already initialized, skipping
========================================================================
Worker process is ready to serve import requests
Launched and connected shader compiler UnityShaderCompiler.exe after 0.02 seconds
Refreshing native plugins compatible for Editor in 0.18 ms, found 0 plugins.
Preloading 0 native plugins for Editor in 0.00 ms.
Unloading 1122 Unused Serialized files (Serialized files now loaded: 0)
System memory in use before: 57.6 MB.
System memory in use after: 57.7 MB.

Unloading 9 unused Assets to reduce memory usage. Loaded Objects now: 1565.
Total: 1.626900 ms (FindLiveObjects: 0.119500 ms CreateObjectMapping: 0.038100 ms MarkObjects: 1.419400 ms  DeleteObjects: 0.049000 ms)

========================================================================
Received Import Request.
  path: Assets/Textures
  artifactKey: Guid(0b06c07865544ae4088039a674d3719b) Importer(815301076,1909f56bfc062723c751e8b465ee728b)
Start importing Assets/Textures using Guid(0b06c07865544ae4088039a674d3719b) Importer(815301076,1909f56bfc062723c751e8b465ee728b)  -> (artifact id: '402aa19d56114b8579e30325a7d939d3') in 0.007112 seconds
  Import took 0.008591 seconds .

========================================================================
Received Import Request.
  Time since last request: 10.692254 seconds.
  path: Assets/Textures/other
  artifactKey: Guid(873ec1174bdc68b49a7f3a72aa139026) Importer(815301076,1909f56bfc062723c751e8b465ee728b)
Start importing Assets/Textures/other using Guid(873ec1174bdc68b49a7f3a72aa139026) Importer(815301076,1909f56bfc062723c751e8b465ee728b)  -> (artifact id: 'c0613870f09da853652a416ed4baa395') in 0.007681 seconds
  Import took 0.009426 seconds .

========================================================================
Received Import Request.
  Time since last request: 0.027619 seconds.
  path: Assets/Textures/other/morumotto.png
  artifactKey: Guid(8ece0256e11fa8440b87cd0ded805612) Importer(815301076,1909f56bfc062723c751e8b465ee728b)
Start importing Assets/Textures/other/morumotto.png using Guid(8ece0256e11fa8440b87cd0ded805612) Importer(815301076,1909f56bfc062723c751e8b465ee728b)  -> (artifact id: 'a91dd979e5184881c57b8867921debac') in 0.077544 seconds
  Import took 0.079250 seconds .

========================================================================
Received Import Request.
  Time since last request: 0.000230 seconds.
  path: Assets/Textures/other/select_stageclear.png
  artifactKey: Guid(dc524ddae26e5584eb5a374af5061c60) Importer(815301076,1909f56bfc062723c751e8b465ee728b)
Start importing Assets/Textures/other/select_stageclear.png using Guid(dc524ddae26e5584eb5a374af5061c60) Importer(815301076,1909f56bfc062723c751e8b465ee728b)  -> (artifact id: '1f6d06cf3958530d99e876e07dd5ef58') in 0.012766 seconds
  Import took 0.014262 seconds .

========================================================================
Received Import Request.
  Time since last request: 0.000123 seconds.
  path: Assets/Textures/other/select_scroll.png
  artifactKey: Guid(a971873cddebade4c8a78f98895461b1) Importer(815301076,1909f56bfc062723c751e8b465ee728b)
Start importing Assets/Textures/other/select_scroll.png using Guid(a971873cddebade4c8a78f98895461b1) Importer(815301076,1909f56bfc062723c751e8b465ee728b)  -> (artifact id: '54bc622a8070dbf61343117d05f63c91') in 0.017057 seconds
  Import took 0.018601 seconds .

========================================================================
Received Import Request.
  Time since last request: 0.000160 seconds.
  path: Assets/Textures/other/select_frame.png
  artifactKey: Guid(5e72380b85c16de43b05f820d0ab1ae7) Importer(815301076,1909f56bfc062723c751e8b465ee728b)
Start importing Assets/Textures/other/select_frame.png using Guid(5e72380b85c16de43b05f820d0ab1ae7) Importer(815301076,1909f56bfc062723c751e8b465ee728b)  -> (artifact id: 'ff0c5ad1b50d975d0009977f45d748e7') in 0.013055 seconds
  Import took 0.014607 seconds .

========================================================================
Received Import Request.
  Time since last request: 4.190126 seconds.
  path: Assets/Textures/thumbnail
  artifactKey: Guid(3bbe364758a58c14686b3a4213fef12f) Importer(815301076,1909f56bfc062723c751e8b465ee728b)
Start importing Assets/Textures/thumbnail using Guid(3bbe364758a58c14686b3a4213fef12f) Importer(815301076,1909f56bfc062723c751e8b465ee728b)  -> (artifact id: '85e1cc93fa4f42f69df0785318c55ff5') in 0.006859 seconds
  Import took 0.008570 seconds .

========================================================================
Received Import Request.
  Time since last request: 0.168602 seconds.
  path: Assets/Textures/thumbnail/select_stage_image_1.png
  artifactKey: Guid(e841a1bcc60052e4c8a32c4a20ad13b3) Importer(815301076,1909f56bfc062723c751e8b465ee728b)
Start importing Assets/Textures/thumbnail/select_stage_image_1.png using Guid(e841a1bcc60052e4c8a32c4a20ad13b3) Importer(815301076,1909f56bfc062723c751e8b465ee728b)  -> (artifact id: 'edbd5ec1fd6098ac52dc80695113da93') in 0.014693 seconds
  Import took 0.016827 seconds .

========================================================================
Received Import Request.
  Time since last request: 0.000158 seconds.
  path: Assets/Textures/thumbnail/select_stage_image_6.png
  artifactKey: Guid(a76158e7621d027469fe886f8af52837) Importer(815301076,1909f56bfc062723c751e8b465ee728b)
Start importing Assets/Textures/thumbnail/select_stage_image_6.png using Guid(a76158e7621d027469fe886f8af52837) Importer(815301076,1909f56bfc062723c751e8b465ee728b)  -> (artifact id: 'f836dd228d6e86865f6e5b8cdae500a6') in 0.018461 seconds
  Import took 0.020292 seconds .

========================================================================
Received Import Request.
  Time since last request: 0.000122 seconds.
  path: Assets/Textures/thumbnail/select_stage_image_3.png
  artifactKey: Guid(18c87cd8af2c441409e506893785865c) Importer(815301076,1909f56bfc062723c751e8b465ee728b)
Start importing Assets/Textures/thumbnail/select_stage_image_3.png using Guid(18c87cd8af2c441409e506893785865c) Importer(815301076,1909f56bfc062723c751e8b465ee728b)  -> (artifact id: 'a809f3a0cff308768862836e05c16f50') in 0.033217 seconds
  Import took 0.034741 seconds .

========================================================================
Received Import Request.
  Time since last request: 0.000114 seconds.
  path: Assets/Textures/thumbnail/select_stage_image_7.png
  artifactKey: Guid(6b9957ae302b4f54385aa050107e0d25) Importer(815301076,1909f56bfc062723c751e8b465ee728b)
Start importing Assets/Textures/thumbnail/select_stage_image_7.png using Guid(6b9957ae302b4f54385aa050107e0d25) Importer(815301076,1909f56bfc062723c751e8b465ee728b)  -> (artifact id: 'e9d2cdc879e9407c25e1ffbc83af6ea0') in 0.014551 seconds
  Import took 0.016188 seconds .

========================================================================
Received Import Request.
  Time since last request: 0.000129 seconds.
  path: Assets/Textures/thumbnail/select_stage_image_8.png
  artifactKey: Guid(f89205cb1d783b0479b5413f8add8988) Importer(815301076,1909f56bfc062723c751e8b465ee728b)
Start importing Assets/Textures/thumbnail/select_stage_image_8.png using Guid(f89205cb1d783b0479b5413f8add8988) Importer(815301076,1909f56bfc062723c751e8b465ee728b)  -> (artifact id: '1b3fd64c616a688d0358f7cf83e312e2') in 0.015442 seconds
  Import took 0.017050 seconds .

========================================================================
Received Import Request.
  Time since last request: 0.000128 seconds.
  path: Assets/Textures/thumbnail/select_stage_image_5.png
  artifactKey: Guid(d3111120217b1ce4ebce28c2eef2bc6a) Importer(815301076,1909f56bfc062723c751e8b465ee728b)
Start importing Assets/Textures/thumbnail/select_stage_image_5.png using Guid(d3111120217b1ce4ebce28c2eef2bc6a) Importer(815301076,1909f56bfc062723c751e8b465ee728b)  -> (artifact id: '420a0f9210cbf03eb1f7244b53652c38') in 0.029670 seconds
  Import took 0.031320 seconds .

========================================================================
Received Import Request.
  Time since last request: 0.000181 seconds.
  path: Assets/Textures/thumbnail/select_stage_image_9.png
  artifactKey: Guid(87e809fe38cec124d9cd968481d53acb) Importer(815301076,1909f56bfc062723c751e8b465ee728b)
Start importing Assets/Textures/thumbnail/select_stage_image_9.png using Guid(87e809fe38cec124d9cd968481d53acb) Importer(815301076,1909f56bfc062723c751e8b465ee728b)  -> (artifact id: '0a8d84cd7941be9aab521ed7c5be8793') in 0.013484 seconds
  Import took 0.015284 seconds .

========================================================================
Received Import Request.
  Time since last request: 0.000142 seconds.
  path: Assets/Textures/thumbnail/select_stage_image_4.png
  artifactKey: Guid(ae6043e3d9a8acb41b36f407f701fc6e) Importer(815301076,1909f56bfc062723c751e8b465ee728b)
Start importing Assets/Textures/thumbnail/select_stage_image_4.png using Guid(ae6043e3d9a8acb41b36f407f701fc6e) Importer(815301076,1909f56bfc062723c751e8b465ee728b)  -> (artifact id: '73d2493b0a755c6e7ed925a680f96513') in 0.026599 seconds
  Import took 0.028152 seconds .

========================================================================
Received Import Request.
  Time since last request: 0.000175 seconds.
  path: Assets/Textures/thumbnail/select_stage_image_2.png
  artifactKey: Guid(8598c0a0cf8e3d448844eb0544f5dc81) Importer(815301076,1909f56bfc062723c751e8b465ee728b)
Start importing Assets/Textures/thumbnail/select_stage_image_2.png using Guid(8598c0a0cf8e3d448844eb0544f5dc81) Importer(815301076,1909f56bfc062723c751e8b465ee728b)  -> (artifact id: 'decf34f48d8acde94a7c602814105faa') in 0.025626 seconds
  Import took 0.027142 seconds .

========================================================================
Received Import Request.
  Time since last request: 7.798337 seconds.
  path: Assets/Textures/coment
  artifactKey: Guid(0f42abd2e1923f546ad408226f09ab96) Importer(815301076,1909f56bfc062723c751e8b465ee728b)
Start importing Assets/Textures/coment using Guid(0f42abd2e1923f546ad408226f09ab96) Importer(815301076,1909f56bfc062723c751e8b465ee728b)  -> (artifact id: '635306f8e9b4afe737e059cf69c0c849') in 0.006675 seconds
  Import took 0.008566 seconds .

========================================================================
Received Import Request.
  Time since last request: 0.178635 seconds.
  path: Assets/Textures/coment/select_coment_back.png
  artifactKey: Guid(549b2db0f9310d841a129d692390ec1c) Importer(815301076,1909f56bfc062723c751e8b465ee728b)
Start importing Assets/Textures/coment/select_coment_back.png using Guid(549b2db0f9310d841a129d692390ec1c) Importer(815301076,1909f56bfc062723c751e8b465ee728b)  -> (artifact id: '0280ac07ed577545646af4decbf2e1ef') in 0.014034 seconds
  Import took 0.015733 seconds .

========================================================================
Received Import Request.
  Time since last request: 0.000152 seconds.
  path: Assets/Textures/coment/select_description_4.png
  artifactKey: Guid(d2bf4a98c6a0f52489c980d74b34a1ad) Importer(815301076,1909f56bfc062723c751e8b465ee728b)
Start importing Assets/Textures/coment/select_description_4.png using Guid(d2bf4a98c6a0f52489c980d74b34a1ad) Importer(815301076,1909f56bfc062723c751e8b465ee728b)  -> (artifact id: '007a97cdb47ccd06ea9cf9694e178ac1') in 0.014670 seconds
  Import took 0.016196 seconds .

========================================================================
Received Import Request.
  Time since last request: 0.000194 seconds.
  path: Assets/Textures/coment/select_description_1.png
  artifactKey: Guid(5547dfef4886b1949bf86057daec5e17) Importer(815301076,1909f56bfc062723c751e8b465ee728b)
Start importing Assets/Textures/coment/select_description_1.png using Guid(5547dfef4886b1949bf86057daec5e17) Importer(815301076,1909f56bfc062723c751e8b465ee728b)  -> (artifact id: 'b816376b6bf241cf989e9e5f90ab5eb5') in 0.016302 seconds
  Import took 0.017869 seconds .

========================================================================
Received Import Request.
  Time since last request: 0.000125 seconds.
  path: Assets/Textures/coment/select_description_5.png
  artifactKey: Guid(c974b473cbff8ba48a7888d1c826bac6) Importer(815301076,1909f56bfc062723c751e8b465ee728b)
Start importing Assets/Textures/coment/select_description_5.png using Guid(c974b473cbff8ba48a7888d1c826bac6) Importer(815301076,1909f56bfc062723c751e8b465ee728b)  -> (artifact id: '24baad8b94bbb34411a68509671f39a3') in 0.017428 seconds
  Import took 0.019463 seconds .

========================================================================
Received Import Request.
  Time since last request: 0.000129 seconds.
  path: Assets/Textures/coment/select_description_3.png
  artifactKey: Guid(f40fd275f11df7b4fb2b6bf0e4af91f9) Importer(815301076,1909f56bfc062723c751e8b465ee728b)
Start importing Assets/Textures/coment/select_description_3.png using Guid(f40fd275f11df7b4fb2b6bf0e4af91f9) Importer(815301076,1909f56bfc062723c751e8b465ee728b)  -> (artifact id: 'f31e444d2e36e81dd27b9e87ab7433e5') in 0.011682 seconds
  Import took 0.013407 seconds .

========================================================================
Received Import Request.
  Time since last request: 0.000132 seconds.
  path: Assets/Textures/coment/select_description_8.png
  artifactKey: Guid(610ea998416e5da41840af4bb467b9b8) Importer(815301076,1909f56bfc062723c751e8b465ee728b)
Start importing Assets/Textures/coment/select_description_8.png using Guid(610ea998416e5da41840af4bb467b9b8) Importer(815301076,1909f56bfc062723c751e8b465ee728b)  -> (artifact id: '7d4cb987ad26e2a41dc16ff328b0b689') in 0.020735 seconds
  Import took 0.022419 seconds .

========================================================================
Received Import Request.
  Time since last request: 0.000156 seconds.
  path: Assets/Textures/coment/select_description_9.png
  artifactKey: Guid(dba45b69a5d1eeb43bf429c5c57646bd) Importer(815301076,1909f56bfc062723c751e8b465ee728b)
Start importing Assets/Textures/coment/select_description_9.png using Guid(dba45b69a5d1eeb43bf429c5c57646bd) Importer(815301076,1909f56bfc062723c751e8b465ee728b)  -> (artifact id: '7b33b08be8bb8d70ee90b1e9cf756942') in 0.010665 seconds
  Import took 0.012452 seconds .

========================================================================
Received Import Request.
  Time since last request: 0.000172 seconds.
  path: Assets/Textures/coment/select_description_2.png
  artifactKey: Guid(9cad36394e024df4cbecfe471c614878) Importer(815301076,1909f56bfc062723c751e8b465ee728b)
Start importing Assets/Textures/coment/select_description_2.png using Guid(9cad36394e024df4cbecfe471c614878) Importer(815301076,1909f56bfc062723c751e8b465ee728b)  -> (artifact id: 'e0d9f6b403e17197b988784d7011bd5d') in 0.017584 seconds
  Import took 0.019439 seconds .

========================================================================
Received Import Request.
  Time since last request: 0.000211 seconds.
  path: Assets/Textures/coment/select_description_6.png
  artifactKey: Guid(01e6826b98694364fbfa2ca4e2d29d43) Importer(815301076,1909f56bfc062723c751e8b465ee728b)
Start importing Assets/Textures/coment/select_description_6.png using Guid(01e6826b98694364fbfa2ca4e2d29d43) Importer(815301076,1909f56bfc062723c751e8b465ee728b)  -> (artifact id: 'ea014170fd92d3bfbcf460773ae6387d') in 0.014643 seconds
  Import took 0.016266 seconds .

========================================================================
Received Import Request.
  Time since last request: 0.000186 seconds.
  path: Assets/Textures/coment/select_description_10.png
  artifactKey: Guid(3316b8099610c6f4c8bc7cdd9a35a22d) Importer(815301076,1909f56bfc062723c751e8b465ee728b)
Start importing Assets/Textures/coment/select_description_10.png using Guid(3316b8099610c6f4c8bc7cdd9a35a22d) Importer(815301076,1909f56bfc062723c751e8b465ee728b)  -> (artifact id: 'af215f9f218f62b10993e27908a4b072') in 0.011700 seconds
  Import took 0.013559 seconds .

========================================================================
Received Import Request.
  Time since last request: 0.000249 seconds.
  path: Assets/Textures/coment/select_description_7.png
  artifactKey: Guid(1f3f8c7f4d1567847a4a962ad27e11e6) Importer(815301076,1909f56bfc062723c751e8b465ee728b)
Start importing Assets/Textures/coment/select_description_7.png using Guid(1f3f8c7f4d1567847a4a962ad27e11e6) Importer(815301076,1909f56bfc062723c751e8b465ee728b)  -> (artifact id: 'edfc79e50fbe36c4d45f4f88797e4cfd') in 0.017427 seconds
  Import took 0.019070 seconds .

========================================================================
Received Import Request.
  Time since last request: 1.358369 seconds.
  path: Assets/Textures/Background
  artifactKey: Guid(2d825b56b9eee2f43bd0c33ff9a39157) Importer(815301076,1909f56bfc062723c751e8b465ee728b)
Start importing Assets/Textures/Background using Guid(2d825b56b9eee2f43bd0c33ff9a39157) Importer(815301076,1909f56bfc062723c751e8b465ee728b)  -> (artifact id: '11c09bbc89a8757639f3b68959d81330') in 0.007591 seconds
  Import took 0.009583 seconds .

========================================================================
Received Import Request.
  Time since last request: 0.057165 seconds.
  path: Assets/Textures/Background/eye_chaching.png
  artifactKey: Guid(8da98903eb8b95b438812234c3ed81ab) Importer(815301076,1909f56bfc062723c751e8b465ee728b)
Start importing Assets/Textures/Background/eye_chaching.png using Guid(8da98903eb8b95b438812234c3ed81ab) Importer(815301076,1909f56bfc062723c751e8b465ee728b)  -> (artifact id: 'a44bfdd37960e2010f91c427d2eb9b99') in 0.013647 seconds
  Import took 0.015278 seconds .

========================================================================
Received Import Request.
  Time since last request: 0.000193 seconds.
  path: Assets/Textures/Background/select_back１.png
  artifactKey: Guid(26c28d1efe8be9b41be6c7b6a4eede19) Importer(815301076,1909f56bfc062723c751e8b465ee728b)
Start importing Assets/Textures/Background/select_back１.png using Guid(26c28d1efe8be9b41be6c7b6a4eede19) Importer(815301076,1909f56bfc062723c751e8b465ee728b)  -> (artifact id: '3f61b89ef8deea5ed3856573196a4483') in 0.008846 seconds
  Import took 0.010357 seconds .

========================================================================
Received Import Request.
  Time since last request: 0.114150 seconds.
  path: Assets/Textures/Background/select_back２.png
  artifactKey: Guid(d50b19518c011804aa2f2135f0576b2c) Importer(815301076,1909f56bfc062723c751e8b465ee728b)
Start importing Assets/Textures/Background/select_back２.png using Guid(d50b19518c011804aa2f2135f0576b2c) Importer(815301076,1909f56bfc062723c751e8b465ee728b)  -> (artifact id: 'e236d6a86fc8cc6ef38e98b2630d468f') in 0.010841 seconds
  Import took 0.013067 seconds .

========================================================================
Received Import Request.
  Time since last request: 0.000260 seconds.
  path: Assets/Textures/Background/select_back５.png
  artifactKey: Guid(56ae7431ea701c74d8e5282596ea66d4) Importer(815301076,1909f56bfc062723c751e8b465ee728b)
Start importing Assets/Textures/Background/select_back５.png using Guid(56ae7431ea701c74d8e5282596ea66d4) Importer(815301076,1909f56bfc062723c751e8b465ee728b)  -> (artifact id: '7ab71a9d99e2f71ea4492e2c7187b6aa') in 0.011617 seconds
  Import took 0.013507 seconds .

========================================================================
Received Import Request.
  Time since last request: 0.000149 seconds.
  path: Assets/Textures/Background/select_back３.png
  artifactKey: Guid(62de1192cc668f045a5afbf61653c9a6) Importer(815301076,1909f56bfc062723c751e8b465ee728b)
Start importing Assets/Textures/Background/select_back３.png using Guid(62de1192cc668f045a5afbf61653c9a6) Importer(815301076,1909f56bfc062723c751e8b465ee728b)  -> (artifact id: 'a7b82e9f43949bae98da45485cba2cc8') in 0.010772 seconds
  Import took 0.012550 seconds .

========================================================================
Received Import Request.
  Time since last request: 0.000132 seconds.
  path: Assets/Textures/Background/select_back４.png
  artifactKey: Guid(2efedfa5361178a4ba5abd3c27b97184) Importer(815301076,1909f56bfc062723c751e8b465ee728b)
Start importing Assets/Textures/Background/select_back４.png using Guid(2efedfa5361178a4ba5abd3c27b97184) Importer(815301076,1909f56bfc062723c751e8b465ee728b)  -> (artifact id: 'd184eb517883c9bf6086c8a3358f4e1c') in 0.011520 seconds
  Import took 0.013775 seconds .

========================================================================
Received Import Request.
  Time since last request: 31.492060 seconds.
  path: Assets/Textures/other/menu_illust.png
  artifactKey: Guid(a4c99dff18d09364089422185678ec75) Importer(815301076,1909f56bfc062723c751e8b465ee728b)
Start importing Assets/Textures/other/menu_illust.png using Guid(a4c99dff18d09364089422185678ec75) Importer(815301076,1909f56bfc062723c751e8b465ee728b)  -> (artifact id: 'c597028eb91331de19eaefffd573e324') in 0.012390 seconds
  Import took 0.014459 seconds .

========================================================================
Received Import Request.
  Time since last request: 13.799682 seconds.
  path: Assets/Textures/other/menu_illust.png
  artifactKey: Guid(a4c99dff18d09364089422185678ec75) Importer(815301076,1909f56bfc062723c751e8b465ee728b)
Start importing Assets/Textures/other/menu_illust.png using Guid(a4c99dff18d09364089422185678ec75) Importer(815301076,1909f56bfc062723c751e8b465ee728b)  -> (artifact id: '808ed98d4146686eb8bc3fb60687a9b2') in 0.024360 seconds
  Import took 0.026131 seconds .

========================================================================
Received Prepare
Registering precompiled user dll's ...
Registered in 0.000436 seconds.
Begin MonoManager ReloadAssembly
Native extension for WindowsStandalone target not found
Refreshing native plugins compatible for Editor in 0.17 ms, found 0 plugins.
Preloading 0 native plugins for Editor in 0.00 ms.
Invoked RoslynAnalysisRunner static constructor.
RoslynAnalysisRunner will not be running.
RoslynAnalysisRunner has terminated.
Mono: successfully reloaded assembly
- Completed reload, in  0.605 seconds
Platform modules already initialized, skipping
Refreshing native plugins compatible for Editor in 0.16 ms, found 0 plugins.
Preloading 0 native plugins for Editor in 0.00 ms.
Unloading 1116 Unused Serialized files (Serialized files now loaded: 0)
System memory in use before: 60.6 MB.
System memory in use after: 60.7 MB.

Unloading 4 unused Assets to reduce memory usage. Loaded Objects now: 1591.
Total: 1.240300 ms (FindLiveObjects: 0.133800 ms CreateObjectMapping: 0.029600 ms MarkObjects: 1.067600 ms  DeleteObjects: 0.008500 ms)

========================================================================
Received Prepare
Registering precompiled user dll's ...
Registered in 0.000451 seconds.
Begin MonoManager ReloadAssembly
Native extension for WindowsStandalone target not found
Refreshing native plugins compatible for Editor in 0.18 ms, found 0 plugins.
Preloading 0 native plugins for Editor in 0.00 ms.
Invoked RoslynAnalysisRunner static constructor.
RoslynAnalysisRunner will not be running.
RoslynAnalysisRunner has terminated.
Mono: successfully reloaded assembly
- Completed reload, in  0.594 seconds
Platform modules already initialized, skipping
Refreshing native plugins compatible for Editor in 0.16 ms, found 0 plugins.
Preloading 0 native plugins for Editor in 0.00 ms.
Unloading 1116 Unused Serialized files (Serialized files now loaded: 0)
System memory in use before: 60.6 MB.
System memory in use after: 60.7 MB.

Unloading 4 unused Assets to reduce memory usage. Loaded Objects now: 1594.
Total: 1.401900 ms (FindLiveObjects: 0.165200 ms CreateObjectMapping: 0.026400 ms MarkObjects: 1.200900 ms  DeleteObjects: 0.008700 ms)

========================================================================
Received Prepare
Registering precompiled user dll's ...
Registered in 0.000456 seconds.
Begin MonoManager ReloadAssembly
Native extension for WindowsStandalone target not found
Refreshing native plugins compatible for Editor in 0.18 ms, found 0 plugins.
Preloading 0 native plugins for Editor in 0.00 ms.
Invoked RoslynAnalysisRunner static constructor.
RoslynAnalysisRunner will not be running.
RoslynAnalysisRunner has terminated.
Mono: successfully reloaded assembly
- Completed reload, in  0.610 seconds
Platform modules already initialized, skipping
Refreshing native plugins compatible for Editor in 0.16 ms, found 0 plugins.
Preloading 0 native plugins for Editor in 0.00 ms.
Unloading 1116 Unused Serialized files (Serialized files now loaded: 0)
System memory in use before: 60.6 MB.
System memory in use after: 60.7 MB.

Unloading 4 unused Assets to reduce memory usage. Loaded Objects now: 1597.
Total: 1.454400 ms (FindLiveObjects: 0.186500 ms CreateObjectMapping: 0.035400 ms MarkObjects: 1.222200 ms  DeleteObjects: 0.009300 ms)

========================================================================
Received Prepare
Registering precompiled user dll's ...
Registered in 0.000491 seconds.
Begin MonoManager ReloadAssembly
Native extension for WindowsStandalone target not found
Refreshing native plugins compatible for Editor in 0.34 ms, found 0 plugins.
Preloading 0 native plugins for Editor in 0.00 ms.
Invoked RoslynAnalysisRunner static constructor.
RoslynAnalysisRunner will not be running.
RoslynAnalysisRunner has terminated.
Mono: successfully reloaded assembly
- Completed reload, in  0.609 seconds
Platform modules already initialized, skipping
Refreshing native plugins compatible for Editor in 0.18 ms, found 0 plugins.
Preloading 0 native plugins for Editor in 0.00 ms.
Unloading 1116 Unused Serialized files (Serialized files now loaded: 0)
System memory in use before: 60.6 MB.
System memory in use after: 60.7 MB.

Unloading 4 unused Assets to reduce memory usage. Loaded Objects now: 1600.
Total: 1.504200 ms (FindLiveObjects: 0.118400 ms CreateObjectMapping: 0.050900 ms MarkObjects: 1.304500 ms  DeleteObjects: 0.029300 ms)

========================================================================
Received Prepare
Registering precompiled user dll's ...
Registered in 0.000412 seconds.
Begin MonoManager ReloadAssembly
Native extension for WindowsStandalone target not found
Refreshing native plugins compatible for Editor in 0.17 ms, found 0 plugins.
Preloading 0 native plugins for Editor in 0.00 ms.
Invoked RoslynAnalysisRunner static constructor.
RoslynAnalysisRunner will not be running.
RoslynAnalysisRunner has terminated.
Mono: successfully reloaded assembly
- Completed reload, in  0.591 seconds
Platform modules already initialized, skipping
Refreshing native plugins compatible for Editor in 0.17 ms, found 0 plugins.
Preloading 0 native plugins for Editor in 0.00 ms.
Unloading 1116 Unused Serialized files (Serialized files now loaded: 0)
System memory in use before: 60.6 MB.
System memory in use after: 60.7 MB.

Unloading 4 unused Assets to reduce memory usage. Loaded Objects now: 1603.
Total: 1.479100 ms (FindLiveObjects: 0.131200 ms CreateObjectMapping: 0.032800 ms MarkObjects: 1.266200 ms  DeleteObjects: 0.033800 ms)

AssetImportWorkerClient::OnTransportError - code=2 error=End of file
