Using pre-set license
Built from '2020.3/release' branch; Version is '2020.3.2f1 (8fd9074bf66c) revision 9427207'; Using compiler version '192528614'; Build Type 'Release'
OS: 'Windows 10 Home; OS build 19042.985; Version 2009; 64bit' Language: 'ja' Physical Memory: 16207 MB
BatchMode: 1, IsHumanControllingUs: 0, StartBugReporterOnCrash: 0, Is64bit: 1, IsPro: 0

 COMMAND LINE ARGUMENTS:
C:\Program Files\Unity\Hub\Editor\2019.4.16f1\Editor\Unity.exe
-adb2
-batchMode
-noUpm
-name
AssetImportWorker0
-projectPath
C:/ゲーム制作サークル/2021年度/日本ゲーム大賞アマチュア部門/JGA_2021_バージョン管理/Morumotto_ Wheerun_Select
-logFile
Logs/AssetImportWorker0.log
-srvPort
57045
Successfully changed project path to: C:/ゲーム制作サークル/2021年度/日本ゲーム大賞アマチュア部門/JGA_2021_バージョン管理/Morumotto_ Wheerun_Select
C:/ゲーム制作サークル/2021年度/日本ゲーム大賞アマチュア部門/JGA_2021_バージョン管理/Morumotto_ Wheerun_Select
Using Asset Import Pipeline V2.
Refreshing native plugins compatible for Editor in 18.72 ms, found 0 plugins.
Preloading 0 native plugins for Editor in 0.00 ms.
Initialize engine version: 2020.3.2f1 (8fd9074bf66c)
[Subsystems] Discovering subsystems at path C:/Program Files/Unity/Hub/Editor/2019.4.16f1/Editor/Data/Resources/UnitySubsystems
[Subsystems] Discovering subsystems at path C:/ゲーム制作サークル/2021年度/日本ゲーム大賞アマチュア部門/JGA_2021_バージョン管理/Morumotto_ Wheerun_Select/Assets
GfxDevice: creating device client; threaded=0
Direct3D:
    Version:  Direct3D 11.0 [level 11.1]
    Renderer: NVIDIA GeForce GTX 1660 Ti (ID=0x2191)
    Vendor:   
    VRAM:     5991 MB
    Driver:   27.21.14.6230
Initialize mono
Mono path[0] = 'C:/Program Files/Unity/Hub/Editor/2019.4.16f1/Editor/Data/Managed'
Mono path[1] = 'C:/Program Files/Unity/Hub/Editor/2019.4.16f1/Editor/Data/MonoBleedingEdge/lib/mono/unityjit'
Mono config path = 'C:/Program Files/Unity/Hub/Editor/2019.4.16f1/Editor/Data/MonoBleedingEdge/etc'
Using monoOptions --debugger-agent=transport=dt_socket,embedding=1,server=y,suspend=n,address=127.0.0.1:56304
Begin MonoManager ReloadAssembly
Registering precompiled unity dll's ...
Register platform support module: C:/Program Files/Unity/Hub/Editor/2019.4.16f1/Editor/Data/PlaybackEngines/WindowsStandaloneSupport/UnityEditor.WindowsStandalone.Extensions.dll
Registered in 0.001479 seconds.
Native extension for WindowsStandalone target not found
Refreshing native plugins compatible for Editor in 19.05 ms, found 0 plugins.
Preloading 0 native plugins for Editor in 0.00 ms.
Invoked RoslynAnalysisRunner static constructor.
RoslynAnalysisRunner will not be running.
RoslynAnalysisRunner has terminated.
Mono: successfully reloaded assembly
- Completed reload, in  0.792 seconds
Platform modules already initialized, skipping
Registering precompiled user dll's ...
Registered in 0.000514 seconds.
Begin MonoManager ReloadAssembly
Native extension for WindowsStandalone target not found
Refreshing native plugins compatible for Editor in 0.17 ms, found 0 plugins.
Preloading 0 native plugins for Editor in 0.00 ms.
Invoked RoslynAnalysisRunner static constructor.
RoslynAnalysisRunner will not be running.
RoslynAnalysisRunner has terminated.
Mono: successfully reloaded assembly
- Completed reload, in  0.656 seconds
Platform modules already initialized, skipping
========================================================================
Worker process is ready to serve import requests
Launched and connected shader compiler UnityShaderCompiler.exe after 0.02 seconds
Refreshing native plugins compatible for Editor in 0.21 ms, found 0 plugins.
Preloading 0 native plugins for Editor in 0.00 ms.
Unloading 1122 Unused Serialized files (Serialized files now loaded: 0)
System memory in use before: 57.6 MB.
System memory in use after: 57.7 MB.

Unloading 9 unused Assets to reduce memory usage. Loaded Objects now: 1565.
Total: 1.486000 ms (FindLiveObjects: 0.123900 ms CreateObjectMapping: 0.033900 ms MarkObjects: 1.242800 ms  DeleteObjects: 0.084700 ms)

========================================================================
Received Import Request.
  path: Assets/Textures/select_stageclear.png
  artifactKey: Guid(dc524ddae26e5584eb5a374af5061c60) Importer(815301076,1909f56bfc062723c751e8b465ee728b)
Start importing Assets/Textures/select_stageclear.png using Guid(dc524ddae26e5584eb5a374af5061c60) Importer(815301076,1909f56bfc062723c751e8b465ee728b)  -> (artifact id: '1f6d06cf3958530d99e876e07dd5ef58') in 0.093256 seconds
  Import took 0.094804 seconds .

========================================================================
Received Import Request.
  Time since last request: 0.000221 seconds.
  path: Assets/Textures/select_scroll.png
  artifactKey: Guid(a971873cddebade4c8a78f98895461b1) Importer(815301076,1909f56bfc062723c751e8b465ee728b)
Start importing Assets/Textures/select_scroll.png using Guid(a971873cddebade4c8a78f98895461b1) Importer(815301076,1909f56bfc062723c751e8b465ee728b)  -> (artifact id: 'fc697f4f85cfb8a979a55d15d845e290') in 0.010258 seconds
  Import took 0.011993 seconds .

========================================================================
Received Import Request.
  Time since last request: 0.000120 seconds.
  path: Assets/Textures/select_back５.png
  artifactKey: Guid(56ae7431ea701c74d8e5282596ea66d4) Importer(815301076,1909f56bfc062723c751e8b465ee728b)
Start importing Assets/Textures/select_back５.png using Guid(56ae7431ea701c74d8e5282596ea66d4) Importer(815301076,1909f56bfc062723c751e8b465ee728b)  -> (artifact id: 'f1b1a8bd1350b979bfdd5b33daefcbfc') in 0.012308 seconds
  Import took 0.013904 seconds .

========================================================================
Received Import Request.
  Time since last request: 0.000132 seconds.
  path: Assets/Textures/select_description_1.png
  artifactKey: Guid(9a845409fde326342b6faf5451635bcc) Importer(815301076,1909f56bfc062723c751e8b465ee728b)
Start importing Assets/Textures/select_description_1.png using Guid(9a845409fde326342b6faf5451635bcc) Importer(815301076,1909f56bfc062723c751e8b465ee728b)  -> (artifact id: 'a2e7f2bb3d7bf7feee70711cdd274d34') in 0.011282 seconds
  Import took 0.012930 seconds .

========================================================================
Received Import Request.
  Time since last request: 0.000127 seconds.
  path: Assets/Textures/select_back１.png
  artifactKey: Guid(26c28d1efe8be9b41be6c7b6a4eede19) Importer(815301076,1909f56bfc062723c751e8b465ee728b)
Start importing Assets/Textures/select_back１.png using Guid(26c28d1efe8be9b41be6c7b6a4eede19) Importer(815301076,1909f56bfc062723c751e8b465ee728b)  -> (artifact id: '76b35df395146efee672ca25e2dc3bd7') in 0.009351 seconds
  Import took 0.011083 seconds .

========================================================================
Received Import Request.
  Time since last request: 0.000140 seconds.
  path: Assets/Textures/select_frame.png
  artifactKey: Guid(5e72380b85c16de43b05f820d0ab1ae7) Importer(815301076,1909f56bfc062723c751e8b465ee728b)
Start importing Assets/Textures/select_frame.png using Guid(5e72380b85c16de43b05f820d0ab1ae7) Importer(815301076,1909f56bfc062723c751e8b465ee728b)  -> (artifact id: '1347deac7c674b07bcf9dabe3e0cf0eb') in 0.009930 seconds
  Import took 0.011602 seconds .

========================================================================
Received Import Request.
  Time since last request: 0.000119 seconds.
  path: Assets/Textures/select_description_3.png
  artifactKey: Guid(191335ee7fab0e940b220198acaf4fdd) Importer(815301076,1909f56bfc062723c751e8b465ee728b)
Start importing Assets/Textures/select_description_3.png using Guid(191335ee7fab0e940b220198acaf4fdd) Importer(815301076,1909f56bfc062723c751e8b465ee728b)  -> (artifact id: '4669c0421247ade24227117a12947cc9') in 0.010535 seconds
  Import took 0.012117 seconds .

========================================================================
Received Import Request.
  Time since last request: 0.000162 seconds.
  path: Assets/Textures/select_description_5.png
  artifactKey: Guid(c974b473cbff8ba48a7888d1c826bac6) Importer(815301076,1909f56bfc062723c751e8b465ee728b)
Start importing Assets/Textures/select_description_5.png using Guid(c974b473cbff8ba48a7888d1c826bac6) Importer(815301076,1909f56bfc062723c751e8b465ee728b)  -> (artifact id: '43c340042e7e903a0e8c4929dbec69c4') in 0.011281 seconds
  Import took 0.012951 seconds .

========================================================================
Received Import Request.
  Time since last request: 0.000122 seconds.
  path: Assets/Textures/select_stage_image_3.png
  artifactKey: Guid(18c87cd8af2c441409e506893785865c) Importer(815301076,1909f56bfc062723c751e8b465ee728b)
Start importing Assets/Textures/select_stage_image_3.png using Guid(18c87cd8af2c441409e506893785865c) Importer(815301076,1909f56bfc062723c751e8b465ee728b)  -> (artifact id: 'e0f8865779a5547e4a9a93e5799d8fe4') in 0.010735 seconds
  Import took 0.012327 seconds .

========================================================================
Received Import Request.
  Time since last request: 0.000140 seconds.
  path: Assets/Textures/morumotto.png
  artifactKey: Guid(8ece0256e11fa8440b87cd0ded805612) Importer(815301076,1909f56bfc062723c751e8b465ee728b)
Start importing Assets/Textures/morumotto.png using Guid(8ece0256e11fa8440b87cd0ded805612) Importer(815301076,1909f56bfc062723c751e8b465ee728b)  -> (artifact id: '650dfd205566251ed203f1e69c3cd167') in 0.013728 seconds
  Import took 0.015537 seconds .

========================================================================
Received Import Request.
  Time since last request: 0.000128 seconds.
  path: Assets/Textures/select_background.png
  artifactKey: Guid(ac56d7d09374d964d8b6b99d387ee036) Importer(815301076,1909f56bfc062723c751e8b465ee728b)
Start importing Assets/Textures/select_background.png using Guid(ac56d7d09374d964d8b6b99d387ee036) Importer(815301076,1909f56bfc062723c751e8b465ee728b)  -> (artifact id: 'b15cac69d26e698f46aa085e06c75407') in 0.010406 seconds
  Import took 0.012106 seconds .

========================================================================
Received Import Request.
  Time since last request: 0.000205 seconds.
  path: Assets/Textures/eye_chaching.png
  artifactKey: Guid(8da98903eb8b95b438812234c3ed81ab) Importer(815301076,1909f56bfc062723c751e8b465ee728b)
Start importing Assets/Textures/eye_chaching.png using Guid(8da98903eb8b95b438812234c3ed81ab) Importer(815301076,1909f56bfc062723c751e8b465ee728b)  -> (artifact id: 'dadc0cfc5bcd92fe4f247de48d0e2d04') in 0.013355 seconds
  Import took 0.015200 seconds .

========================================================================
Received Import Request.
  Time since last request: 0.000129 seconds.
  path: Assets/Textures/select_stage_image_1.png
  artifactKey: Guid(e841a1bcc60052e4c8a32c4a20ad13b3) Importer(815301076,1909f56bfc062723c751e8b465ee728b)
Start importing Assets/Textures/select_stage_image_1.png using Guid(e841a1bcc60052e4c8a32c4a20ad13b3) Importer(815301076,1909f56bfc062723c751e8b465ee728b)  -> (artifact id: '24fe4891776678313188193717c5365b') in 0.011555 seconds
  Import took 0.013202 seconds .

========================================================================
Received Import Request.
  Time since last request: 0.000126 seconds.
  path: Assets/Textures/select_back３.png
  artifactKey: Guid(62de1192cc668f045a5afbf61653c9a6) Importer(815301076,1909f56bfc062723c751e8b465ee728b)
Start importing Assets/Textures/select_back３.png using Guid(62de1192cc668f045a5afbf61653c9a6) Importer(815301076,1909f56bfc062723c751e8b465ee728b)  -> (artifact id: 'a7b82e9f43949bae98da45485cba2cc8') in 0.009586 seconds
  Import took 0.011410 seconds .

========================================================================
Received Import Request.
  Time since last request: 0.000168 seconds.
  path: Assets/Textures
  artifactKey: Guid(0b06c07865544ae4088039a674d3719b) Importer(815301076,1909f56bfc062723c751e8b465ee728b)
Start importing Assets/Textures using Guid(0b06c07865544ae4088039a674d3719b) Importer(815301076,1909f56bfc062723c751e8b465ee728b)  -> (artifact id: '402aa19d56114b8579e30325a7d939d3') in 0.005113 seconds
  Import took 0.006924 seconds .

========================================================================
Received Import Request.
  Time since last request: 0.000136 seconds.
  path: Assets/Textures/select_description_4.png
  artifactKey: Guid(39ce5b0d5cc58fa469c75315b6d29213) Importer(815301076,1909f56bfc062723c751e8b465ee728b)
Start importing Assets/Textures/select_description_4.png using Guid(39ce5b0d5cc58fa469c75315b6d29213) Importer(815301076,1909f56bfc062723c751e8b465ee728b)  -> (artifact id: 'aea07289c3e205b6009ac9fd20d4c74e') in 0.010261 seconds
  Import took 0.012157 seconds .

========================================================================
Received Import Request.
  Time since last request: 0.000164 seconds.
  path: Assets/Textures/select_stage_image_5.png
  artifactKey: Guid(d3111120217b1ce4ebce28c2eef2bc6a) Importer(815301076,1909f56bfc062723c751e8b465ee728b)
Start importing Assets/Textures/select_stage_image_5.png using Guid(d3111120217b1ce4ebce28c2eef2bc6a) Importer(815301076,1909f56bfc062723c751e8b465ee728b)  -> (artifact id: '75e813d794023f1bc12c792cefccb947') in 0.011693 seconds
  Import took 0.013441 seconds .

========================================================================
Received Import Request.
  Time since last request: 0.000288 seconds.
  path: Assets/Textures/select_description_2.png
  artifactKey: Guid(4ea11b37e221e2d4ea4378169bf67754) Importer(815301076,1909f56bfc062723c751e8b465ee728b)
Start importing Assets/Textures/select_description_2.png using Guid(4ea11b37e221e2d4ea4378169bf67754) Importer(815301076,1909f56bfc062723c751e8b465ee728b)  -> (artifact id: 'eb398a179e1f8e7bc8732ab8b311f3e5') in 0.010723 seconds
  Import took 0.012820 seconds .

========================================================================
Received Import Request.
  Time since last request: 0.000144 seconds.
  path: Assets/Textures/select_back４.png
  artifactKey: Guid(2efedfa5361178a4ba5abd3c27b97184) Importer(815301076,1909f56bfc062723c751e8b465ee728b)
Start importing Assets/Textures/select_back４.png using Guid(2efedfa5361178a4ba5abd3c27b97184) Importer(815301076,1909f56bfc062723c751e8b465ee728b)  -> (artifact id: '3141cb2d1ed32aa43978dbf20dc5fdc6') in 0.009283 seconds
  Import took 0.010857 seconds .

========================================================================
Received Import Request.
  Time since last request: 0.000118 seconds.
  path: Assets/Textures/select_stage_image_4.png
  artifactKey: Guid(ae6043e3d9a8acb41b36f407f701fc6e) Importer(815301076,1909f56bfc062723c751e8b465ee728b)
Start importing Assets/Textures/select_stage_image_4.png using Guid(ae6043e3d9a8acb41b36f407f701fc6e) Importer(815301076,1909f56bfc062723c751e8b465ee728b)  -> (artifact id: '6f63b66af785253a55bc57cae09e6356') in 0.011078 seconds
  Import took 0.012627 seconds .

========================================================================
Received Import Request.
  Time since last request: 0.000121 seconds.
  path: Assets/Textures/select_stage_image_2.png
  artifactKey: Guid(8598c0a0cf8e3d448844eb0544f5dc81) Importer(815301076,1909f56bfc062723c751e8b465ee728b)
Start importing Assets/Textures/select_stage_image_2.png using Guid(8598c0a0cf8e3d448844eb0544f5dc81) Importer(815301076,1909f56bfc062723c751e8b465ee728b)  -> (artifact id: 'd81a9efa07034fc667ce81c60c28f36e') in 0.009945 seconds
  Import took 0.011576 seconds .

========================================================================
Received Import Request.
  Time since last request: 0.000137 seconds.
  path: Assets/Textures/select_coment_back.png
  artifactKey: Guid(549b2db0f9310d841a129d692390ec1c) Importer(815301076,1909f56bfc062723c751e8b465ee728b)
Start importing Assets/Textures/select_coment_back.png using Guid(549b2db0f9310d841a129d692390ec1c) Importer(815301076,1909f56bfc062723c751e8b465ee728b)  -> (artifact id: '3d54f55aa2a55d0b3af6b6f240c0b84f') in 0.010398 seconds
  Import took 0.012559 seconds .

========================================================================
Received Import Request.
  Time since last request: 0.000135 seconds.
  path: Assets/Textures/select_back２.png
  artifactKey: Guid(d50b19518c011804aa2f2135f0576b2c) Importer(815301076,1909f56bfc062723c751e8b465ee728b)
Start importing Assets/Textures/select_back２.png using Guid(d50b19518c011804aa2f2135f0576b2c) Importer(815301076,1909f56bfc062723c751e8b465ee728b)  -> (artifact id: '5ca779ecedc17d2a0091b88742f93341') in 0.009198 seconds
  Import took 0.010894 seconds .

AssetImportWorkerClient::OnTransportError - code=2 error=End of file
