Using pre-set license
Built from '2020.3/release' branch; Version is '2020.3.2f1 (8fd9074bf66c) revision 9427207'; Using compiler version '192528614'; Build Type 'Release'
OS: 'Windows 10 Home; OS build 19042.985; Version 2009; 64bit' Language: 'ja' Physical Memory: 16207 MB
BatchMode: 1, IsHumanControllingUs: 0, StartBugReporterOnCrash: 0, Is64bit: 1, IsPro: 0

 COMMAND LINE ARGUMENTS:
C:\Program Files\Unity\Hub\Editor\2019.4.16f1\Editor\Unity.exe
-adb2
-batchMode
-noUpm
-name
AssetImportWorker0
-projectPath
C:/ゲーム制作サークル/2021年度/日本ゲーム大賞アマチュア部門/JGA_2021_バージョン管理/Morumotto_ Wheerun_Select
-logFile
Logs/AssetImportWorker0.log
-srvPort
53074
Successfully changed project path to: C:/ゲーム制作サークル/2021年度/日本ゲーム大賞アマチュア部門/JGA_2021_バージョン管理/Morumotto_ Wheerun_Select
C:/ゲーム制作サークル/2021年度/日本ゲーム大賞アマチュア部門/JGA_2021_バージョン管理/Morumotto_ Wheerun_Select
Using Asset Import Pipeline V2.
Refreshing native plugins compatible for Editor in 18.41 ms, found 0 plugins.
Preloading 0 native plugins for Editor in 0.00 ms.
Initialize engine version: 2020.3.2f1 (8fd9074bf66c)
[Subsystems] Discovering subsystems at path C:/Program Files/Unity/Hub/Editor/2019.4.16f1/Editor/Data/Resources/UnitySubsystems
[Subsystems] Discovering subsystems at path C:/ゲーム制作サークル/2021年度/日本ゲーム大賞アマチュア部門/JGA_2021_バージョン管理/Morumotto_ Wheerun_Select/Assets
GfxDevice: creating device client; threaded=0
Direct3D:
    Version:  Direct3D 11.0 [level 11.1]
    Renderer: NVIDIA GeForce GTX 1660 Ti (ID=0x2191)
    Vendor:   
    VRAM:     5991 MB
    Driver:   27.21.14.6230
Initialize mono
Mono path[0] = 'C:/Program Files/Unity/Hub/Editor/2019.4.16f1/Editor/Data/Managed'
Mono path[1] = 'C:/Program Files/Unity/Hub/Editor/2019.4.16f1/Editor/Data/MonoBleedingEdge/lib/mono/unityjit'
Mono config path = 'C:/Program Files/Unity/Hub/Editor/2019.4.16f1/Editor/Data/MonoBleedingEdge/etc'
Using monoOptions --debugger-agent=transport=dt_socket,embedding=1,server=y,suspend=n,address=127.0.0.1:56316
Begin MonoManager ReloadAssembly
Registering precompiled unity dll's ...
Register platform support module: C:/Program Files/Unity/Hub/Editor/2019.4.16f1/Editor/Data/PlaybackEngines/WindowsStandaloneSupport/UnityEditor.WindowsStandalone.Extensions.dll
Registered in 0.001507 seconds.
Native extension for WindowsStandalone target not found
Refreshing native plugins compatible for Editor in 19.46 ms, found 0 plugins.
Preloading 0 native plugins for Editor in 0.00 ms.
Invoked RoslynAnalysisRunner static constructor.
RoslynAnalysisRunner will not be running.
RoslynAnalysisRunner has terminated.
Mono: successfully reloaded assembly
- Completed reload, in  0.841 seconds
Platform modules already initialized, skipping
Registering precompiled user dll's ...
Registered in 0.000490 seconds.
Begin MonoManager ReloadAssembly
Native extension for WindowsStandalone target not found
Refreshing native plugins compatible for Editor in 0.18 ms, found 0 plugins.
Preloading 0 native plugins for Editor in 0.00 ms.
Invoked RoslynAnalysisRunner static constructor.
RoslynAnalysisRunner will not be running.
RoslynAnalysisRunner has terminated.
Mono: successfully reloaded assembly
- Completed reload, in  0.694 seconds
Platform modules already initialized, skipping
========================================================================
Worker process is ready to serve import requests
Launched and connected shader compiler UnityShaderCompiler.exe after 0.02 seconds
Refreshing native plugins compatible for Editor in 0.18 ms, found 0 plugins.
Preloading 0 native plugins for Editor in 0.00 ms.
Unloading 1123 Unused Serialized files (Serialized files now loaded: 0)
System memory in use before: 57.7 MB.
System memory in use after: 57.7 MB.

Unloading 9 unused Assets to reduce memory usage. Loaded Objects now: 1566.
Total: 1.516900 ms (FindLiveObjects: 0.109900 ms CreateObjectMapping: 0.032100 ms MarkObjects: 1.290000 ms  DeleteObjects: 0.084200 ms)

========================================================================
Received Import Request.
  path: Assets/Scripts
  artifactKey: Guid(e38f5dbb2fa38af41a3b938d7a748682) Importer(815301076,1909f56bfc062723c751e8b465ee728b)
Start importing Assets/Scripts using Guid(e38f5dbb2fa38af41a3b938d7a748682) Importer(815301076,1909f56bfc062723c751e8b465ee728b)  -> (artifact id: '5c5e89a3eec471215a7c38f87464d72b') in 0.007230 seconds
  Import took 0.009024 seconds .

========================================================================
Received Import Request.
  Time since last request: 8.454314 seconds.
  path: Assets/Scripts/Select
  artifactKey: Guid(8b4e7ccd4b0f4dc4c93838463fa93444) Importer(815301076,1909f56bfc062723c751e8b465ee728b)
Start importing Assets/Scripts/Select using Guid(8b4e7ccd4b0f4dc4c93838463fa93444) Importer(815301076,1909f56bfc062723c751e8b465ee728b)  -> (artifact id: 'af18c428af5bc17b6a935bbbb48b858c') in 0.007058 seconds
  Import took 0.008639 seconds .

========================================================================
Received Import Request.
  Time since last request: 1.147829 seconds.
  path: Assets/Scripts/Select/Select_Draw_Controller.cs
  artifactKey: Guid(8887a9a17c7929841a71fabe14574e8d) Importer(815301076,1909f56bfc062723c751e8b465ee728b)
Start importing Assets/Scripts/Select/Select_Draw_Controller.cs using Guid(8887a9a17c7929841a71fabe14574e8d) Importer(815301076,1909f56bfc062723c751e8b465ee728b)  -> (artifact id: 'de8f8272634d7a546567e43a82e32e6f') in 0.020485 seconds
  Import took 0.021954 seconds .

========================================================================
Received Import Request.
  Time since last request: 0.341583 seconds.
  path: Assets/Scripts/Select/Select_Draw_Controller.cs
  artifactKey: Guid(8887a9a17c7929841a71fabe14574e8d) Importer(815301076,1909f56bfc062723c751e8b465ee728b)
Start importing Assets/Scripts/Select/Select_Draw_Controller.cs using Guid(8887a9a17c7929841a71fabe14574e8d) Importer(815301076,1909f56bfc062723c751e8b465ee728b)  -> (artifact id: 'de8f8272634d7a546567e43a82e32e6f') in 0.002094 seconds
  Import took 0.003552 seconds .

========================================================================
Received Import Request.
  Time since last request: 0.508116 seconds.
  path: Assets/Scripts/Select/Select_Draw_Screenimage.cs
  artifactKey: Guid(4abf0a38d47c3504c92397524c58b9f7) Importer(815301076,1909f56bfc062723c751e8b465ee728b)
Start importing Assets/Scripts/Select/Select_Draw_Screenimage.cs using Guid(4abf0a38d47c3504c92397524c58b9f7) Importer(815301076,1909f56bfc062723c751e8b465ee728b)  -> (artifact id: '15eeeaa2fbc8d62b89d4586a9eee2824') in 0.006138 seconds
  Import took 0.007804 seconds .

========================================================================
Received Import Request.
  Time since last request: 20.402005 seconds.
  path: Assets/Scripts/All
  artifactKey: Guid(27833f99f8a42784a8cecd8d2b19aae9) Importer(815301076,1909f56bfc062723c751e8b465ee728b)
Start importing Assets/Scripts/All using Guid(27833f99f8a42784a8cecd8d2b19aae9) Importer(815301076,1909f56bfc062723c751e8b465ee728b)  -> (artifact id: '2a72429e9b33d1b7045f1ee95ec0a364') in 0.006749 seconds
  Import took 0.008622 seconds .

========================================================================
Received Import Request.
  Time since last request: 0.714478 seconds.
  path: Assets/Scripts/All/Player.cs
  artifactKey: Guid(f846b631d977f764b902ce4852220cc8) Importer(815301076,1909f56bfc062723c751e8b465ee728b)
Start importing Assets/Scripts/All/Player.cs using Guid(f846b631d977f764b902ce4852220cc8) Importer(815301076,1909f56bfc062723c751e8b465ee728b)  -> (artifact id: '0878b57f0759380cd9b6efce007f4967') in 0.005975 seconds
  Import took 0.007650 seconds .

========================================================================
Received Import Request.
  Time since last request: 0.654517 seconds.
  path: Assets/Scripts/All/Player_Data.cs
  artifactKey: Guid(d3144f62b6f74ff449d37ad48a5e9bc0) Importer(815301076,1909f56bfc062723c751e8b465ee728b)
Start importing Assets/Scripts/All/Player_Data.cs using Guid(d3144f62b6f74ff449d37ad48a5e9bc0) Importer(815301076,1909f56bfc062723c751e8b465ee728b)  -> (artifact id: 'f9315283f3f288ba593c9b2b8ffcc435') in 0.005097 seconds
  Import took 0.006718 seconds .

========================================================================
Received Import Request.
  Time since last request: 0.001311 seconds.
  path: Assets/Scripts/All/Player_Data.cs
  artifactKey: Guid(d3144f62b6f74ff449d37ad48a5e9bc0) Importer(815301076,1909f56bfc062723c751e8b465ee728b)
Start importing Assets/Scripts/All/Player_Data.cs using Guid(d3144f62b6f74ff449d37ad48a5e9bc0) Importer(815301076,1909f56bfc062723c751e8b465ee728b)  -> (artifact id: 'f9315283f3f288ba593c9b2b8ffcc435') in 0.002541 seconds
  Import took 0.004262 seconds .

========================================================================
Received Import Request.
  Time since last request: 51.848288 seconds.
  path: Assets/Scripts/All/Player_Data.cs
  artifactKey: Guid(d3144f62b6f74ff449d37ad48a5e9bc0) Importer(815301076,1909f56bfc062723c751e8b465ee728b)
Start importing Assets/Scripts/All/Player_Data.cs using Guid(d3144f62b6f74ff449d37ad48a5e9bc0) Importer(815301076,1909f56bfc062723c751e8b465ee728b)  -> (artifact id: 'dd5abb03bd2c1a405542681ff4f41214') in 0.001637 seconds
  Import took 0.003254 seconds .

========================================================================
Received Prepare
Registering precompiled user dll's ...
Registered in 0.000543 seconds.
Begin MonoManager ReloadAssembly
Native extension for WindowsStandalone target not found
Refreshing native plugins compatible for Editor in 0.17 ms, found 0 plugins.
Preloading 0 native plugins for Editor in 0.00 ms.
Invoked RoslynAnalysisRunner static constructor.
RoslynAnalysisRunner will not be running.
RoslynAnalysisRunner has terminated.
Mono: successfully reloaded assembly
- Completed reload, in  0.624 seconds
Platform modules already initialized, skipping
Refreshing native plugins compatible for Editor in 0.18 ms, found 0 plugins.
Preloading 0 native plugins for Editor in 0.00 ms.
Unloading 1117 Unused Serialized files (Serialized files now loaded: 0)
System memory in use before: 57.5 MB.
System memory in use after: 57.6 MB.

Unloading 4 unused Assets to reduce memory usage. Loaded Objects now: 1569.
Total: 1.338000 ms (FindLiveObjects: 0.137300 ms CreateObjectMapping: 0.028300 ms MarkObjects: 1.159800 ms  DeleteObjects: 0.011200 ms)

========================================================================
Received Prepare
Registering precompiled user dll's ...
Registered in 0.000515 seconds.
Begin MonoManager ReloadAssembly
Native extension for WindowsStandalone target not found
Refreshing native plugins compatible for Editor in 0.18 ms, found 0 plugins.
Preloading 0 native plugins for Editor in 0.00 ms.
Invoked RoslynAnalysisRunner static constructor.
RoslynAnalysisRunner will not be running.
RoslynAnalysisRunner has terminated.
Mono: successfully reloaded assembly
- Completed reload, in  0.623 seconds
Platform modules already initialized, skipping
Refreshing native plugins compatible for Editor in 0.18 ms, found 0 plugins.
Preloading 0 native plugins for Editor in 0.00 ms.
Unloading 1117 Unused Serialized files (Serialized files now loaded: 0)
System memory in use before: 57.5 MB.
System memory in use after: 57.6 MB.

Unloading 4 unused Assets to reduce memory usage. Loaded Objects now: 1572.
Total: 1.466200 ms (FindLiveObjects: 0.115100 ms CreateObjectMapping: 0.035500 ms MarkObjects: 1.305900 ms  DeleteObjects: 0.009000 ms)

========================================================================
Received Prepare
Registering precompiled user dll's ...
Registered in 0.000617 seconds.
Begin MonoManager ReloadAssembly
Native extension for WindowsStandalone target not found
Refreshing native plugins compatible for Editor in 0.33 ms, found 0 plugins.
Preloading 0 native plugins for Editor in 0.00 ms.
Invoked RoslynAnalysisRunner static constructor.
RoslynAnalysisRunner will not be running.
RoslynAnalysisRunner has terminated.
Mono: successfully reloaded assembly
- Completed reload, in  0.622 seconds
Platform modules already initialized, skipping
Refreshing native plugins compatible for Editor in 0.17 ms, found 0 plugins.
Preloading 0 native plugins for Editor in 0.00 ms.
Unloading 1117 Unused Serialized files (Serialized files now loaded: 0)
System memory in use before: 57.5 MB.
System memory in use after: 57.6 MB.

Unloading 4 unused Assets to reduce memory usage. Loaded Objects now: 1575.
Total: 1.510300 ms (FindLiveObjects: 0.245800 ms CreateObjectMapping: 0.067100 ms MarkObjects: 1.188000 ms  DeleteObjects: 0.008400 ms)

========================================================================
Received Prepare
Registering precompiled user dll's ...
Registered in 0.000499 seconds.
Begin MonoManager ReloadAssembly
Native extension for WindowsStandalone target not found
Refreshing native plugins compatible for Editor in 0.18 ms, found 0 plugins.
Preloading 0 native plugins for Editor in 0.00 ms.
Invoked RoslynAnalysisRunner static constructor.
RoslynAnalysisRunner will not be running.
RoslynAnalysisRunner has terminated.
Mono: successfully reloaded assembly
- Completed reload, in  0.640 seconds
Platform modules already initialized, skipping
Refreshing native plugins compatible for Editor in 0.17 ms, found 0 plugins.
Preloading 0 native plugins for Editor in 0.00 ms.
Unloading 1117 Unused Serialized files (Serialized files now loaded: 0)
System memory in use before: 57.5 MB.
System memory in use after: 57.6 MB.

Unloading 4 unused Assets to reduce memory usage. Loaded Objects now: 1578.
Total: 1.424800 ms (FindLiveObjects: 0.176600 ms CreateObjectMapping: 0.036200 ms MarkObjects: 1.187600 ms  DeleteObjects: 0.009500 ms)

========================================================================
Received Import Request.
  Time since last request: 894.294235 seconds.
  path: Assets/Scripts/Select/Select_Draw_Controller.cs
  artifactKey: Guid(8887a9a17c7929841a71fabe14574e8d) Importer(815301076,1909f56bfc062723c751e8b465ee728b)
Start importing Assets/Scripts/Select/Select_Draw_Controller.cs using Guid(8887a9a17c7929841a71fabe14574e8d) Importer(815301076,1909f56bfc062723c751e8b465ee728b)  -> (artifact id: 'b855e562e3c85c5261f186c03d05f94d') in 0.006164 seconds
  Import took 0.007732 seconds .

========================================================================
Received Import Request.
  Time since last request: 49.936756 seconds.
  path: Assets/Scripts/All/Player.cs
  artifactKey: Guid(f846b631d977f764b902ce4852220cc8) Importer(815301076,1909f56bfc062723c751e8b465ee728b)
Start importing Assets/Scripts/All/Player.cs using Guid(f846b631d977f764b902ce4852220cc8) Importer(815301076,1909f56bfc062723c751e8b465ee728b)  -> (artifact id: 'd7633d5c6fa6f768c04bc1edb674e4d1') in 0.002227 seconds
  Import took 0.003805 seconds .

========================================================================
Received Import Request.
  Time since last request: 0.001384 seconds.
  path: Assets/Scripts/All/Player.cs
  artifactKey: Guid(f846b631d977f764b902ce4852220cc8) Importer(815301076,1909f56bfc062723c751e8b465ee728b)
Start importing Assets/Scripts/All/Player.cs using Guid(f846b631d977f764b902ce4852220cc8) Importer(815301076,1909f56bfc062723c751e8b465ee728b)  -> (artifact id: 'd7633d5c6fa6f768c04bc1edb674e4d1') in 0.001964 seconds
  Import took 0.003622 seconds .

========================================================================
Received Prepare
Registering precompiled user dll's ...
Registered in 0.000548 seconds.
Begin MonoManager ReloadAssembly
Native extension for WindowsStandalone target not found
Refreshing native plugins compatible for Editor in 0.19 ms, found 0 plugins.
Preloading 0 native plugins for Editor in 0.00 ms.
Invoked RoslynAnalysisRunner static constructor.
RoslynAnalysisRunner will not be running.
RoslynAnalysisRunner has terminated.
Mono: successfully reloaded assembly
- Completed reload, in  0.659 seconds
Platform modules already initialized, skipping
Refreshing native plugins compatible for Editor in 0.17 ms, found 0 plugins.
Preloading 0 native plugins for Editor in 0.00 ms.
Unloading 1117 Unused Serialized files (Serialized files now loaded: 0)
System memory in use before: 57.6 MB.
System memory in use after: 57.7 MB.

Unloading 4 unused Assets to reduce memory usage. Loaded Objects now: 1581.
Total: 1.640300 ms (FindLiveObjects: 0.197400 ms CreateObjectMapping: 0.095900 ms MarkObjects: 1.332900 ms  DeleteObjects: 0.013300 ms)

========================================================================
Received Prepare
Registering precompiled user dll's ...
Registered in 0.000620 seconds.
Begin MonoManager ReloadAssembly
Native extension for WindowsStandalone target not found
Refreshing native plugins compatible for Editor in 0.21 ms, found 0 plugins.
Preloading 0 native plugins for Editor in 0.00 ms.
Invoked RoslynAnalysisRunner static constructor.
RoslynAnalysisRunner will not be running.
RoslynAnalysisRunner has terminated.
Mono: successfully reloaded assembly
- Completed reload, in  0.705 seconds
Platform modules already initialized, skipping
Refreshing native plugins compatible for Editor in 0.19 ms, found 0 plugins.
Preloading 0 native plugins for Editor in 0.00 ms.
Unloading 1117 Unused Serialized files (Serialized files now loaded: 0)
System memory in use before: 57.6 MB.
System memory in use after: 57.7 MB.

Unloading 4 unused Assets to reduce memory usage. Loaded Objects now: 1584.
Total: 2.119000 ms (FindLiveObjects: 0.311300 ms CreateObjectMapping: 0.061600 ms MarkObjects: 1.710300 ms  DeleteObjects: 0.034900 ms)

========================================================================
Received Prepare
Registering precompiled user dll's ...
Registered in 0.000489 seconds.
Begin MonoManager ReloadAssembly
Native extension for WindowsStandalone target not found
Refreshing native plugins compatible for Editor in 0.20 ms, found 0 plugins.
Preloading 0 native plugins for Editor in 0.00 ms.
Invoked RoslynAnalysisRunner static constructor.
RoslynAnalysisRunner will not be running.
RoslynAnalysisRunner has terminated.
Mono: successfully reloaded assembly
- Completed reload, in  0.627 seconds
Platform modules already initialized, skipping
Refreshing native plugins compatible for Editor in 0.17 ms, found 0 plugins.
Preloading 0 native plugins for Editor in 0.00 ms.
Unloading 1117 Unused Serialized files (Serialized files now loaded: 0)
System memory in use before: 57.6 MB.
System memory in use after: 57.7 MB.

Unloading 4 unused Assets to reduce memory usage. Loaded Objects now: 1587.
Total: 1.816500 ms (FindLiveObjects: 0.298500 ms CreateObjectMapping: 0.089800 ms MarkObjects: 1.373800 ms  DeleteObjects: 0.053700 ms)

========================================================================
Received Prepare
Registering precompiled user dll's ...
Registered in 0.000513 seconds.
Begin MonoManager ReloadAssembly
Native extension for WindowsStandalone target not found
Refreshing native plugins compatible for Editor in 0.17 ms, found 0 plugins.
Preloading 0 native plugins for Editor in 0.00 ms.
Invoked RoslynAnalysisRunner static constructor.
RoslynAnalysisRunner will not be running.
RoslynAnalysisRunner has terminated.
Mono: successfully reloaded assembly
- Completed reload, in  0.609 seconds
Platform modules already initialized, skipping
Refreshing native plugins compatible for Editor in 0.18 ms, found 0 plugins.
Preloading 0 native plugins for Editor in 0.00 ms.
Unloading 1117 Unused Serialized files (Serialized files now loaded: 0)
System memory in use before: 57.6 MB.
System memory in use after: 57.7 MB.

Unloading 4 unused Assets to reduce memory usage. Loaded Objects now: 1590.
Total: 1.286400 ms (FindLiveObjects: 0.134400 ms CreateObjectMapping: 0.040700 ms MarkObjects: 1.102300 ms  DeleteObjects: 0.008600 ms)

AssetImportWorkerClient::OnTransportError - code=2 error=End of file
