Using pre-set license
Built from '2020.3/release' branch; Version is '2020.3.2f1 (8fd9074bf66c) revision 9427207'; Using compiler version '192528614'; Build Type 'Release'
OS: 'Windows 10 Home; OS build 19042.985; Version 2009; 64bit' Language: 'ja' Physical Memory: 16207 MB
BatchMode: 1, IsHumanControllingUs: 0, StartBugReporterOnCrash: 0, Is64bit: 1, IsPro: 0

 COMMAND LINE ARGUMENTS:
C:\Program Files\Unity\Hub\Editor\2019.4.16f1\Editor\Unity.exe
-adb2
-batchMode
-noUpm
-name
AssetImportWorker0
-projectPath
C:/ゲーム制作サークル/2021年度/日本ゲーム大賞アマチュア部門/JGA_2021_バージョン管理/Morumotto_ Wheerun_Title
-logFile
Logs/AssetImportWorker0.log
-srvPort
63168
Successfully changed project path to: C:/ゲーム制作サークル/2021年度/日本ゲーム大賞アマチュア部門/JGA_2021_バージョン管理/Morumotto_ Wheerun_Title
C:/ゲーム制作サークル/2021年度/日本ゲーム大賞アマチュア部門/JGA_2021_バージョン管理/Morumotto_ Wheerun_Title
Using Asset Import Pipeline V2.
Refreshing native plugins compatible for Editor in 18.14 ms, found 0 plugins.
Preloading 0 native plugins for Editor in 0.00 ms.
Initialize engine version: 2020.3.2f1 (8fd9074bf66c)
[Subsystems] Discovering subsystems at path C:/Program Files/Unity/Hub/Editor/2019.4.16f1/Editor/Data/Resources/UnitySubsystems
[Subsystems] Discovering subsystems at path C:/ゲーム制作サークル/2021年度/日本ゲーム大賞アマチュア部門/JGA_2021_バージョン管理/Morumotto_ Wheerun_Title/Assets
GfxDevice: creating device client; threaded=0
Direct3D:
    Version:  Direct3D 11.0 [level 11.1]
    Renderer: NVIDIA GeForce GTX 1660 Ti (ID=0x2191)
    Vendor:   
    VRAM:     5991 MB
    Driver:   27.21.14.6230
Initialize mono
Mono path[0] = 'C:/Program Files/Unity/Hub/Editor/2019.4.16f1/Editor/Data/Managed'
Mono path[1] = 'C:/Program Files/Unity/Hub/Editor/2019.4.16f1/Editor/Data/MonoBleedingEdge/lib/mono/unityjit'
Mono config path = 'C:/Program Files/Unity/Hub/Editor/2019.4.16f1/Editor/Data/MonoBleedingEdge/etc'
Using monoOptions --debugger-agent=transport=dt_socket,embedding=1,server=y,suspend=n,address=127.0.0.1:56632
Begin MonoManager ReloadAssembly
Registering precompiled unity dll's ...
Register platform support module: C:/Program Files/Unity/Hub/Editor/2019.4.16f1/Editor/Data/PlaybackEngines/WindowsStandaloneSupport/UnityEditor.WindowsStandalone.Extensions.dll
Registered in 0.001485 seconds.
Native extension for WindowsStandalone target not found
Refreshing native plugins compatible for Editor in 19.04 ms, found 0 plugins.
Preloading 0 native plugins for Editor in 0.00 ms.
Invoked RoslynAnalysisRunner static constructor.
RoslynAnalysisRunner will not be running.
RoslynAnalysisRunner has terminated.
Mono: successfully reloaded assembly
- Completed reload, in  0.805 seconds
Platform modules already initialized, skipping
Registering precompiled user dll's ...
Registered in 0.000510 seconds.
Begin MonoManager ReloadAssembly
Native extension for WindowsStandalone target not found
Refreshing native plugins compatible for Editor in 0.22 ms, found 0 plugins.
Preloading 0 native plugins for Editor in 0.00 ms.
Invoked RoslynAnalysisRunner static constructor.
RoslynAnalysisRunner will not be running.
RoslynAnalysisRunner has terminated.
Mono: successfully reloaded assembly
- Completed reload, in  0.676 seconds
Platform modules already initialized, skipping
========================================================================
Worker process is ready to serve import requests
Launched and connected shader compiler UnityShaderCompiler.exe after 0.03 seconds
Refreshing native plugins compatible for Editor in 0.20 ms, found 0 plugins.
Preloading 0 native plugins for Editor in 0.00 ms.
Unloading 1122 Unused Serialized files (Serialized files now loaded: 0)
System memory in use before: 57.7 MB.
System memory in use after: 57.7 MB.

Unloading 9 unused Assets to reduce memory usage. Loaded Objects now: 1565.
Total: 2.147400 ms (FindLiveObjects: 0.150300 ms CreateObjectMapping: 0.039800 ms MarkObjects: 1.853100 ms  DeleteObjects: 0.103200 ms)

========================================================================
Received Import Request.
  path: Assets/Scripts/Title
  artifactKey: Guid(7b72ea8c3cdc3da40a81dcc71ed6f578) Importer(815301076,1909f56bfc062723c751e8b465ee728b)
Start importing Assets/Scripts/Title using Guid(7b72ea8c3cdc3da40a81dcc71ed6f578) Importer(815301076,1909f56bfc062723c751e8b465ee728b)  -> (artifact id: 'dd7462d0c0ee01b20347c9f34176870a') in 0.007421 seconds
  Import took 0.008876 seconds .

========================================================================
Received Import Request.
  Time since last request: 0.000277 seconds.
  path: Assets/Scripts/Title/Title_Sound_Manager.cs
  artifactKey: Guid(80141366630ec4241b5ab6fd67c79a62) Importer(815301076,1909f56bfc062723c751e8b465ee728b)
Start importing Assets/Scripts/Title/Title_Sound_Manager.cs using Guid(80141366630ec4241b5ab6fd67c79a62) Importer(815301076,1909f56bfc062723c751e8b465ee728b)  -> (artifact id: '9a430eb79219e64aa5988399aa15e461') in 0.022167 seconds
  Import took 0.023583 seconds .

========================================================================
Received Import Request.
  Time since last request: 0.000218 seconds.
  path: Assets/Scripts
  artifactKey: Guid(7ae9dd699ee68d944a72670f2c314f55) Importer(815301076,1909f56bfc062723c751e8b465ee728b)
Start importing Assets/Scripts using Guid(7ae9dd699ee68d944a72670f2c314f55) Importer(815301076,1909f56bfc062723c751e8b465ee728b)  -> (artifact id: '585d4496431e83aac0ac022995811fbd') in 0.005555 seconds
  Import took 0.007174 seconds .

========================================================================
Received Import Request.
  Time since last request: 0.070264 seconds.
  path: Assets/Scripts/Title/Title_Input_Controller.cs
  artifactKey: Guid(d82aa3c8d32c3f844a492603bd8b900f) Importer(815301076,1909f56bfc062723c751e8b465ee728b)
Start importing Assets/Scripts/Title/Title_Input_Controller.cs using Guid(d82aa3c8d32c3f844a492603bd8b900f) Importer(815301076,1909f56bfc062723c751e8b465ee728b)  -> (artifact id: '5e9855575edf386b3a6091bf43dcee68') in 0.006001 seconds
  Import took 0.007864 seconds .

========================================================================
Received Import Request.
  Time since last request: 0.001015 seconds.
  path: Assets/Scripts/Title/Title_Input_Controller.cs
  artifactKey: Guid(d82aa3c8d32c3f844a492603bd8b900f) Importer(815301076,1909f56bfc062723c751e8b465ee728b)
Start importing Assets/Scripts/Title/Title_Input_Controller.cs using Guid(d82aa3c8d32c3f844a492603bd8b900f) Importer(815301076,1909f56bfc062723c751e8b465ee728b)  -> (artifact id: '5e9855575edf386b3a6091bf43dcee68') in 0.002843 seconds
  Import took 0.004684 seconds .

========================================================================
Received Import Request.
  Time since last request: 0.417667 seconds.
  path: Assets/Scripts/Title/Title_Draw_Controller.cs
  artifactKey: Guid(c2ff1c4491e8cc8449cab3c0cd06ca53) Importer(815301076,1909f56bfc062723c751e8b465ee728b)
Start importing Assets/Scripts/Title/Title_Draw_Controller.cs using Guid(c2ff1c4491e8cc8449cab3c0cd06ca53) Importer(815301076,1909f56bfc062723c751e8b465ee728b)  -> (artifact id: '3c3454bd3f552ac8acf584c6244de5c8') in 0.005896 seconds
  Import took 0.007702 seconds .

========================================================================
Received Import Request.
  Time since last request: 0.037935 seconds.
  path: Assets/Scripts/Title/Title_Draw_Controller.cs
  artifactKey: Guid(c2ff1c4491e8cc8449cab3c0cd06ca53) Importer(815301076,1909f56bfc062723c751e8b465ee728b)
Start importing Assets/Scripts/Title/Title_Draw_Controller.cs using Guid(c2ff1c4491e8cc8449cab3c0cd06ca53) Importer(815301076,1909f56bfc062723c751e8b465ee728b)  -> (artifact id: '3c3454bd3f552ac8acf584c6244de5c8') in 0.003176 seconds
  Import took 0.004887 seconds .

========================================================================
Received Prepare
Registering precompiled user dll's ...
Registered in 0.000452 seconds.
Begin MonoManager ReloadAssembly
Native extension for WindowsStandalone target not found
Refreshing native plugins compatible for Editor in 0.28 ms, found 0 plugins.
Preloading 0 native plugins for Editor in 0.00 ms.
Invoked RoslynAnalysisRunner static constructor.
RoslynAnalysisRunner will not be running.
RoslynAnalysisRunner has terminated.
Mono: successfully reloaded assembly
- Completed reload, in  0.679 seconds
Platform modules already initialized, skipping
Script is not up to date after domain reload: guid(c2ff1c4491e8cc8449cab3c0cd06ca53) path("Assets/Scripts/Title/Title_Draw_Controller.cs") state(2)
Refreshing native plugins compatible for Editor in 0.19 ms, found 0 plugins.
Preloading 0 native plugins for Editor in 0.00 ms.
Unloading 1115 Unused Serialized files (Serialized files now loaded: 0)
System memory in use before: 57.5 MB.
System memory in use after: 57.6 MB.

Unloading 5 unused Assets to reduce memory usage. Loaded Objects now: 1567.
Total: 1.585200 ms (FindLiveObjects: 0.135400 ms CreateObjectMapping: 0.036600 ms MarkObjects: 1.395200 ms  DeleteObjects: 0.016600 ms)

========================================================================
Received Import Request.
  Time since last request: 14.143809 seconds.
  path: Assets/Scripts/Title/Title_Draw_Controller.cs
  artifactKey: Guid(c2ff1c4491e8cc8449cab3c0cd06ca53) Importer(815301076,1909f56bfc062723c751e8b465ee728b)
Start importing Assets/Scripts/Title/Title_Draw_Controller.cs using Guid(c2ff1c4491e8cc8449cab3c0cd06ca53) Importer(815301076,1909f56bfc062723c751e8b465ee728b)  -> (artifact id: 'bbf048e0a798fc8f9869441f84433605') in 0.007692 seconds
  Import took 0.009479 seconds .

========================================================================
Received Import Request.
  Time since last request: 0.024345 seconds.
  path: Assets/Scripts/Title/Title_Draw_Controller.cs
  artifactKey: Guid(c2ff1c4491e8cc8449cab3c0cd06ca53) Importer(815301076,1909f56bfc062723c751e8b465ee728b)
Start importing Assets/Scripts/Title/Title_Draw_Controller.cs using Guid(c2ff1c4491e8cc8449cab3c0cd06ca53) Importer(815301076,1909f56bfc062723c751e8b465ee728b)  -> (artifact id: 'bbf048e0a798fc8f9869441f84433605') in 0.002307 seconds
  Import took 0.004088 seconds .

========================================================================
Received Prepare
Registering precompiled user dll's ...
Registered in 0.000449 seconds.
Begin MonoManager ReloadAssembly
Native extension for WindowsStandalone target not found
Refreshing native plugins compatible for Editor in 0.20 ms, found 0 plugins.
Preloading 0 native plugins for Editor in 0.00 ms.
Invoked RoslynAnalysisRunner static constructor.
RoslynAnalysisRunner will not be running.
RoslynAnalysisRunner has terminated.
Mono: successfully reloaded assembly
- Completed reload, in  0.678 seconds
Platform modules already initialized, skipping
Refreshing native plugins compatible for Editor in 0.17 ms, found 0 plugins.
Preloading 0 native plugins for Editor in 0.00 ms.
Unloading 1116 Unused Serialized files (Serialized files now loaded: 0)
System memory in use before: 57.5 MB.
System memory in use after: 57.6 MB.

Unloading 4 unused Assets to reduce memory usage. Loaded Objects now: 1571.
Total: 1.280000 ms (FindLiveObjects: 0.153600 ms CreateObjectMapping: 0.055400 ms MarkObjects: 1.060700 ms  DeleteObjects: 0.009300 ms)

========================================================================
Received Prepare
Registering precompiled user dll's ...
Registered in 0.000635 seconds.
Begin MonoManager ReloadAssembly
Native extension for WindowsStandalone target not found
Refreshing native plugins compatible for Editor in 0.18 ms, found 0 plugins.
Preloading 0 native plugins for Editor in 0.00 ms.
Invoked RoslynAnalysisRunner static constructor.
RoslynAnalysisRunner will not be running.
RoslynAnalysisRunner has terminated.
Mono: successfully reloaded assembly
- Completed reload, in  0.604 seconds
Platform modules already initialized, skipping
Refreshing native plugins compatible for Editor in 0.17 ms, found 0 plugins.
Preloading 0 native plugins for Editor in 0.00 ms.
Unloading 1116 Unused Serialized files (Serialized files now loaded: 0)
System memory in use before: 57.5 MB.
System memory in use after: 57.6 MB.

Unloading 4 unused Assets to reduce memory usage. Loaded Objects now: 1574.
Total: 1.736600 ms (FindLiveObjects: 0.277300 ms CreateObjectMapping: 0.138300 ms MarkObjects: 1.308600 ms  DeleteObjects: 0.011000 ms)

AssetImportWorkerClient::OnTransportError - code=2 error=End of file
