Using pre-set license
Built from '2020.3/release' branch; Version is '2020.3.2f1 (8fd9074bf66c) revision 9427207'; Using compiler version '192528614'; Build Type 'Release'
OS: 'Windows 10 Home; OS build 19042.985; Version 2009; 64bit' Language: 'ja' Physical Memory: 16207 MB
BatchMode: 1, IsHumanControllingUs: 0, StartBugReporterOnCrash: 0, Is64bit: 1, IsPro: 0

 COMMAND LINE ARGUMENTS:
C:\Program Files\Unity\Hub\Editor\2019.4.16f1\Editor\Unity.exe
-adb2
-batchMode
-noUpm
-name
AssetImportWorker0
-projectPath
C:/ゲーム制作サークル/2021年度/日本ゲーム大賞アマチュア部門/JGA_2021_バージョン管理/Morumotto_ Wheerun
-logFile
Logs/AssetImportWorker0.log
-srvPort
61684
Successfully changed project path to: C:/ゲーム制作サークル/2021年度/日本ゲーム大賞アマチュア部門/JGA_2021_バージョン管理/Morumotto_ Wheerun
C:/ゲーム制作サークル/2021年度/日本ゲーム大賞アマチュア部門/JGA_2021_バージョン管理/Morumotto_ Wheerun
Using Asset Import Pipeline V2.
Refreshing native plugins compatible for Editor in 30.76 ms, found 0 plugins.
Preloading 0 native plugins for Editor in 0.00 ms.
Initialize engine version: 2020.3.2f1 (8fd9074bf66c)
[Subsystems] Discovering subsystems at path C:/Program Files/Unity/Hub/Editor/2019.4.16f1/Editor/Data/Resources/UnitySubsystems
[Subsystems] Discovering subsystems at path C:/ゲーム制作サークル/2021年度/日本ゲーム大賞アマチュア部門/JGA_2021_バージョン管理/Morumotto_ Wheerun/Assets
GfxDevice: creating device client; threaded=0
Direct3D:
    Version:  Direct3D 11.0 [level 11.1]
    Renderer: NVIDIA GeForce GTX 1660 Ti (ID=0x2191)
    Vendor:   
    VRAM:     5991 MB
    Driver:   27.21.14.6230
Initialize mono
Mono path[0] = 'C:/Program Files/Unity/Hub/Editor/2019.4.16f1/Editor/Data/Managed'
Mono path[1] = 'C:/Program Files/Unity/Hub/Editor/2019.4.16f1/Editor/Data/MonoBleedingEdge/lib/mono/unityjit'
Mono config path = 'C:/Program Files/Unity/Hub/Editor/2019.4.16f1/Editor/Data/MonoBleedingEdge/etc'
Using monoOptions --debugger-agent=transport=dt_socket,embedding=1,server=y,suspend=n,address=127.0.0.1:56884
Begin MonoManager ReloadAssembly
Registering precompiled unity dll's ...
Register platform support module: C:/Program Files/Unity/Hub/Editor/2019.4.16f1/Editor/Data/PlaybackEngines/WindowsStandaloneSupport/UnityEditor.WindowsStandalone.Extensions.dll
Registered in 0.001609 seconds.
Native extension for WindowsStandalone target not found
Refreshing native plugins compatible for Editor in 33.41 ms, found 0 plugins.
Preloading 0 native plugins for Editor in 0.00 ms.
Invoked RoslynAnalysisRunner static constructor.
RoslynAnalysisRunner will not be running.
RoslynAnalysisRunner has terminated.
Mono: successfully reloaded assembly
- Completed reload, in  0.840 seconds
Platform modules already initialized, skipping
Registering precompiled user dll's ...
Registered in 0.000652 seconds.
Begin MonoManager ReloadAssembly
Native extension for WindowsStandalone target not found
Refreshing native plugins compatible for Editor in 0.44 ms, found 0 plugins.
Preloading 0 native plugins for Editor in 0.00 ms.
Invoked RoslynAnalysisRunner static constructor.
RoslynAnalysisRunner will not be running.
RoslynAnalysisRunner has terminated.
Mono: successfully reloaded assembly
- Completed reload, in  0.701 seconds
Platform modules already initialized, skipping
========================================================================
Worker process is ready to serve import requests
Launched and connected shader compiler UnityShaderCompiler.exe after 0.03 seconds
Refreshing native plugins compatible for Editor in 0.38 ms, found 0 plugins.
Preloading 0 native plugins for Editor in 0.00 ms.
Unloading 1438 Unused Serialized files (Serialized files now loaded: 0)
System memory in use before: 76.7 MB.
System memory in use after: 76.4 MB.

Unloading 12 unused Assets to reduce memory usage. Loaded Objects now: 1885.
Total: 2.130000 ms (FindLiveObjects: 0.210400 ms CreateObjectMapping: 0.091200 ms MarkObjects: 1.471900 ms  DeleteObjects: 0.355400 ms)

========================================================================
Received Import Request.
  path: Assets/Morumotto_ Wheerun_Select
  artifactKey: Guid(0f56dcb7f7b5921489b025b68d59671c) Importer(815301076,1909f56bfc062723c751e8b465ee728b)
Start importing Assets/Morumotto_ Wheerun_Select using Guid(0f56dcb7f7b5921489b025b68d59671c) Importer(815301076,1909f56bfc062723c751e8b465ee728b)  -> (artifact id: 'a18ee4036261191229cb80b60152f838') in 0.006504 seconds
  Import took 0.008429 seconds .

========================================================================
Received Import Request.
  Time since last request: 0.000223 seconds.
  path: Assets/Morumotto_ Wheerun_Title
  artifactKey: Guid(eb64bf2a75065ee41a68d6ce46282f5e) Importer(815301076,1909f56bfc062723c751e8b465ee728b)
Start importing Assets/Morumotto_ Wheerun_Title using Guid(eb64bf2a75065ee41a68d6ce46282f5e) Importer(815301076,1909f56bfc062723c751e8b465ee728b)  -> (artifact id: 'd2fc70c599399f5707568c5ee8571ac9') in 0.005109 seconds
  Import took 0.007547 seconds .

========================================================================
Received Import Request.
  Time since last request: 0.000273 seconds.
  path: Assets/main_scene
  artifactKey: Guid(9c131e191850533468d2089a8fc929d5) Importer(815301076,1909f56bfc062723c751e8b465ee728b)
Start importing Assets/main_scene using Guid(9c131e191850533468d2089a8fc929d5) Importer(815301076,1909f56bfc062723c751e8b465ee728b)  -> (artifact id: 'bfa9154d0b2bae4b458eb11d6dd593c6') in 0.005898 seconds
  Import took 0.008489 seconds .

========================================================================
Received Import Request.
  Time since last request: 0.000128 seconds.
  path: Assets/Morumotto_ Wheerun_Movie
  artifactKey: Guid(1efd96edf635a2d45b9216433ba06ad5) Importer(815301076,1909f56bfc062723c751e8b465ee728b)
Start importing Assets/Morumotto_ Wheerun_Movie using Guid(1efd96edf635a2d45b9216433ba06ad5) Importer(815301076,1909f56bfc062723c751e8b465ee728b)  -> (artifact id: 'b77dbd34a41a883494e3073980849d8a') in 0.005497 seconds
  Import took 0.007801 seconds .

========================================================================
Received Import Request.
  Time since last request: 2.592060 seconds.
  path: Assets/Morumotto_ Wheerun_Title/Scripts
  artifactKey: Guid(a74789c2c9072b746a78a5201a2aefb0) Importer(815301076,1909f56bfc062723c751e8b465ee728b)
Start importing Assets/Morumotto_ Wheerun_Title/Scripts using Guid(a74789c2c9072b746a78a5201a2aefb0) Importer(815301076,1909f56bfc062723c751e8b465ee728b)  -> (artifact id: 'fbd6cad964b0f21398c386b0cbac8928') in 0.006071 seconds
  Import took 0.008338 seconds .

========================================================================
Received Import Request.
  Time since last request: 1.247236 seconds.
  path: Assets/Morumotto_ Wheerun_Title/Scripts/Title
  artifactKey: Guid(7b72ea8c3cdc3da40a81dcc71ed6f578) Importer(815301076,1909f56bfc062723c751e8b465ee728b)
Start importing Assets/Morumotto_ Wheerun_Title/Scripts/Title using Guid(7b72ea8c3cdc3da40a81dcc71ed6f578) Importer(815301076,1909f56bfc062723c751e8b465ee728b)  -> (artifact id: 'dd7462d0c0ee01b20347c9f34176870a') in 0.008487 seconds
  Import took 0.010870 seconds .

========================================================================
Received Import Request.
  Time since last request: 0.000262 seconds.
  path: Assets/Morumotto_ Wheerun_Title/Scripts/Title
  artifactKey: Guid(7b72ea8c3cdc3da40a81dcc71ed6f578) Importer(815301076,1909f56bfc062723c751e8b465ee728b)
Start importing Assets/Morumotto_ Wheerun_Title/Scripts/Title using Guid(7b72ea8c3cdc3da40a81dcc71ed6f578) Importer(815301076,1909f56bfc062723c751e8b465ee728b)  -> (artifact id: 'dd7462d0c0ee01b20347c9f34176870a') in 0.001754 seconds
  Import took 0.003788 seconds .

========================================================================
Received Import Request.
  Time since last request: 12.302741 seconds.
  path: Assets/Morumotto_ Wheerun_Title/Scripts/Title/Title_Draw_Controller.cs
  artifactKey: Guid(c2ff1c4491e8cc8449cab3c0cd06ca53) Importer(815301076,1909f56bfc062723c751e8b465ee728b)
Start importing Assets/Morumotto_ Wheerun_Title/Scripts/Title/Title_Draw_Controller.cs using Guid(c2ff1c4491e8cc8449cab3c0cd06ca53) Importer(815301076,1909f56bfc062723c751e8b465ee728b)  -> (artifact id: '4923fec951122bd410b6954783ee1705') in 0.021476 seconds
  Import took 0.023501 seconds .

========================================================================
Received Import Request.
  Time since last request: 0.021969 seconds.
  path: Assets/Morumotto_ Wheerun_Title/Scripts/Title/Title_Draw_Controller.cs
  artifactKey: Guid(c2ff1c4491e8cc8449cab3c0cd06ca53) Importer(815301076,1909f56bfc062723c751e8b465ee728b)
Start importing Assets/Morumotto_ Wheerun_Title/Scripts/Title/Title_Draw_Controller.cs using Guid(c2ff1c4491e8cc8449cab3c0cd06ca53) Importer(815301076,1909f56bfc062723c751e8b465ee728b)  -> (artifact id: '4923fec951122bd410b6954783ee1705') in 0.002046 seconds
  Import took 0.004050 seconds .

========================================================================
Received Prepare
Registering precompiled user dll's ...
Registered in 0.000593 seconds.
Begin MonoManager ReloadAssembly
Native extension for WindowsStandalone target not found
Refreshing native plugins compatible for Editor in 0.32 ms, found 0 plugins.
Preloading 0 native plugins for Editor in 0.00 ms.
Invoked RoslynAnalysisRunner static constructor.
RoslynAnalysisRunner will not be running.
RoslynAnalysisRunner has terminated.
Mono: successfully reloaded assembly
- Completed reload, in  0.674 seconds
Platform modules already initialized, skipping
Refreshing native plugins compatible for Editor in 0.34 ms, found 0 plugins.
Preloading 0 native plugins for Editor in 0.00 ms.
Unloading 1410 Unused Serialized files (Serialized files now loaded: 0)
System memory in use before: 74.5 MB.
System memory in use after: 74.2 MB.

Unloading 8 unused Assets to reduce memory usage. Loaded Objects now: 1887.
Total: 1.888700 ms (FindLiveObjects: 0.194300 ms CreateObjectMapping: 0.063200 ms MarkObjects: 1.335400 ms  DeleteObjects: 0.272400 ms)

========================================================================
Received Import Request.
  Time since last request: 6.582197 seconds.
  path: Assets/Morumotto_ Wheerun_Title/Scripts/Title/Title_Draw_Controller.cs
  artifactKey: Guid(c2ff1c4491e8cc8449cab3c0cd06ca53) Importer(815301076,1909f56bfc062723c751e8b465ee728b)
Start importing Assets/Morumotto_ Wheerun_Title/Scripts/Title/Title_Draw_Controller.cs using Guid(c2ff1c4491e8cc8449cab3c0cd06ca53) Importer(815301076,1909f56bfc062723c751e8b465ee728b)  -> (artifact id: 'b17e125f429536477371f20d2f323ddf') in 0.004043 seconds
  Import took 0.006342 seconds .

========================================================================
Received Import Request.
  Time since last request: 0.001012 seconds.
  path: Assets/Morumotto_ Wheerun_Title/Scripts/Title/Title_Draw_Controller.cs
  artifactKey: Guid(c2ff1c4491e8cc8449cab3c0cd06ca53) Importer(815301076,1909f56bfc062723c751e8b465ee728b)
Start importing Assets/Morumotto_ Wheerun_Title/Scripts/Title/Title_Draw_Controller.cs using Guid(c2ff1c4491e8cc8449cab3c0cd06ca53) Importer(815301076,1909f56bfc062723c751e8b465ee728b)  -> (artifact id: 'b17e125f429536477371f20d2f323ddf') in 0.001705 seconds
  Import took 0.003701 seconds .

========================================================================
Received Prepare
Registering precompiled user dll's ...
Registered in 0.000652 seconds.
Begin MonoManager ReloadAssembly
Native extension for WindowsStandalone target not found
Refreshing native plugins compatible for Editor in 0.35 ms, found 0 plugins.
Preloading 0 native plugins for Editor in 0.00 ms.
Invoked RoslynAnalysisRunner static constructor.
RoslynAnalysisRunner will not be running.
RoslynAnalysisRunner has terminated.
Mono: successfully reloaded assembly
- Completed reload, in  0.658 seconds
Platform modules already initialized, skipping
Refreshing native plugins compatible for Editor in 0.34 ms, found 0 plugins.
Preloading 0 native plugins for Editor in 0.00 ms.
Unloading 1411 Unused Serialized files (Serialized files now loaded: 0)
System memory in use before: 74.6 MB.
System memory in use after: 74.3 MB.

Unloading 7 unused Assets to reduce memory usage. Loaded Objects now: 1891.
Total: 2.287800 ms (FindLiveObjects: 0.146000 ms CreateObjectMapping: 0.043300 ms MarkObjects: 1.693700 ms  DeleteObjects: 0.403700 ms)

========================================================================
Received Import Request.
  Time since last request: 33.200949 seconds.
  path: Assets/Morumotto_ Wheerun_Title/Textures
  artifactKey: Guid(62acd76e0dc61ea4da4d70194cd2e1a0) Importer(815301076,1909f56bfc062723c751e8b465ee728b)
Start importing Assets/Morumotto_ Wheerun_Title/Textures using Guid(62acd76e0dc61ea4da4d70194cd2e1a0) Importer(815301076,1909f56bfc062723c751e8b465ee728b)  -> (artifact id: 'c46d0bac80bc50697f2eead8c4b511d9') in 0.009116 seconds
  Import took 0.011540 seconds .

========================================================================
Received Import Request.
  Time since last request: 0.000439 seconds.
  path: Assets/Morumotto_ Wheerun_Title/Textures
  artifactKey: Guid(62acd76e0dc61ea4da4d70194cd2e1a0) Importer(815301076,1909f56bfc062723c751e8b465ee728b)
Start importing Assets/Morumotto_ Wheerun_Title/Textures using Guid(62acd76e0dc61ea4da4d70194cd2e1a0) Importer(815301076,1909f56bfc062723c751e8b465ee728b)  -> (artifact id: 'c46d0bac80bc50697f2eead8c4b511d9') in 0.001493 seconds
  Import took 0.003542 seconds .

========================================================================
Received Import Request.
  Time since last request: 0.034230 seconds.
  path: Assets/Morumotto_ Wheerun_Title/Textures/data_delete_check_logo.png
  artifactKey: Guid(70cd66327ce26344ebb747e63003bfe6) Importer(815301076,1909f56bfc062723c751e8b465ee728b)
Start importing Assets/Morumotto_ Wheerun_Title/Textures/data_delete_check_logo.png using Guid(70cd66327ce26344ebb747e63003bfe6) Importer(815301076,1909f56bfc062723c751e8b465ee728b)  -> (artifact id: '66689b3c82ccc8e274aa3286cdecc3be') in 0.084075 seconds
  Import took 0.086528 seconds .

========================================================================
Received Import Request.
  Time since last request: 0.000124 seconds.
  path: Assets/Morumotto_ Wheerun_Title/Textures/no_logo.png
  artifactKey: Guid(9b9763b8c84e9c841b2339690e823fe0) Importer(815301076,1909f56bfc062723c751e8b465ee728b)
Start importing Assets/Morumotto_ Wheerun_Title/Textures/no_logo.png using Guid(9b9763b8c84e9c841b2339690e823fe0) Importer(815301076,1909f56bfc062723c751e8b465ee728b)  -> (artifact id: 'f42fa1f399d7c57360017d76a90c7cdf') in 0.012279 seconds
  Import took 0.014237 seconds .

========================================================================
Received Import Request.
  Time since last request: 0.000243 seconds.
  path: Assets/Morumotto_ Wheerun_Title/Textures/eye_chaching.png
  artifactKey: Guid(15c57e4c5fbd0ba459fc9cc183424134) Importer(815301076,1909f56bfc062723c751e8b465ee728b)
Start importing Assets/Morumotto_ Wheerun_Title/Textures/eye_chaching.png using Guid(15c57e4c5fbd0ba459fc9cc183424134) Importer(815301076,1909f56bfc062723c751e8b465ee728b)  -> (artifact id: '2f50850190c370c342924d838ca58dd1') in 0.016238 seconds
  Import took 0.018401 seconds .

========================================================================
Received Import Request.
  Time since last request: 0.000127 seconds.
  path: Assets/Morumotto_ Wheerun_Title/Textures/game_start_logo.png
  artifactKey: Guid(5a633cb73e0e8ce49ac36c14165681d9) Importer(815301076,1909f56bfc062723c751e8b465ee728b)
Start importing Assets/Morumotto_ Wheerun_Title/Textures/game_start_logo.png using Guid(5a633cb73e0e8ce49ac36c14165681d9) Importer(815301076,1909f56bfc062723c751e8b465ee728b)  -> (artifact id: 'd8b0408b8e01bf82ebd5fbb0fd9ad507') in 0.014727 seconds
  Import took 0.016875 seconds .

========================================================================
Received Import Request.
  Time since last request: 0.000132 seconds.
  path: Assets/Morumotto_ Wheerun_Title/Textures/morumotto.png
  artifactKey: Guid(2c7d9721e581f0143857cd3aa0b90151) Importer(815301076,1909f56bfc062723c751e8b465ee728b)
Start importing Assets/Morumotto_ Wheerun_Title/Textures/morumotto.png using Guid(2c7d9721e581f0143857cd3aa0b90151) Importer(815301076,1909f56bfc062723c751e8b465ee728b)  -> (artifact id: '0da34dc8123387ecf49f3ca419843a7d') in 0.021355 seconds
  Import took 0.023586 seconds .

========================================================================
Received Import Request.
  Time since last request: 0.000135 seconds.
  path: Assets/Morumotto_ Wheerun_Title/Textures/data_delete_complete_logo.png
  artifactKey: Guid(66cea134681133a47ac5449385a78dfb) Importer(815301076,1909f56bfc062723c751e8b465ee728b)
Start importing Assets/Morumotto_ Wheerun_Title/Textures/data_delete_complete_logo.png using Guid(66cea134681133a47ac5449385a78dfb) Importer(815301076,1909f56bfc062723c751e8b465ee728b)  -> (artifact id: '02c97978182f241ca1d6ce78e6c931b0') in 0.012314 seconds
  Import took 0.014472 seconds .

========================================================================
Received Import Request.
  Time since last request: 0.000128 seconds.
  path: Assets/Morumotto_ Wheerun_Title/Textures/push_game_start_logo.png
  artifactKey: Guid(089aef99fdac49748a7ca96add20aa96) Importer(815301076,1909f56bfc062723c751e8b465ee728b)
Start importing Assets/Morumotto_ Wheerun_Title/Textures/push_game_start_logo.png using Guid(089aef99fdac49748a7ca96add20aa96) Importer(815301076,1909f56bfc062723c751e8b465ee728b)  -> (artifact id: 'f7a32127971ea3689d30735ed85a9268') in 0.011643 seconds
  Import took 0.013876 seconds .

========================================================================
Received Import Request.
  Time since last request: 0.000196 seconds.
  path: Assets/Morumotto_ Wheerun_Title/Textures/title_logo.png
  artifactKey: Guid(a1933136dc4d9e74c9b256ebd003b19a) Importer(815301076,1909f56bfc062723c751e8b465ee728b)
Start importing Assets/Morumotto_ Wheerun_Title/Textures/title_logo.png using Guid(a1933136dc4d9e74c9b256ebd003b19a) Importer(815301076,1909f56bfc062723c751e8b465ee728b)  -> (artifact id: '526718849b6cea51c052c20e1069730a') in 0.040231 seconds
  Import took 0.042252 seconds .

========================================================================
Received Import Request.
  Time since last request: 0.000129 seconds.
  path: Assets/Morumotto_ Wheerun_Title/Textures/game_end_logo.png
  artifactKey: Guid(1ac75b4917918cd4585be8b726a53558) Importer(815301076,1909f56bfc062723c751e8b465ee728b)
Start importing Assets/Morumotto_ Wheerun_Title/Textures/game_end_logo.png using Guid(1ac75b4917918cd4585be8b726a53558) Importer(815301076,1909f56bfc062723c751e8b465ee728b)  -> (artifact id: 'f2a9f39f374ea11d2522f396cd2c8d5e') in 0.015755 seconds
  Import took 0.017787 seconds .

========================================================================
Received Import Request.
  Time since last request: 0.000140 seconds.
  path: Assets/Morumotto_ Wheerun_Title/Textures/fade_in.png
  artifactKey: Guid(13fde95046a7c1f469922d2394724414) Importer(815301076,1909f56bfc062723c751e8b465ee728b)
Start importing Assets/Morumotto_ Wheerun_Title/Textures/fade_in.png using Guid(13fde95046a7c1f469922d2394724414) Importer(815301076,1909f56bfc062723c751e8b465ee728b)  -> (artifact id: 'c2f6e6a6c9094ae6de9060b188a4f843') in 0.012026 seconds
  Import took 0.014242 seconds .

========================================================================
Received Import Request.
  Time since last request: 0.000132 seconds.
  path: Assets/Morumotto_ Wheerun_Title/Textures/title_background.png
  artifactKey: Guid(292c8651dc2904040843a50bc8e7fd4c) Importer(815301076,1909f56bfc062723c751e8b465ee728b)
Start importing Assets/Morumotto_ Wheerun_Title/Textures/title_background.png using Guid(292c8651dc2904040843a50bc8e7fd4c) Importer(815301076,1909f56bfc062723c751e8b465ee728b)  -> (artifact id: 'c4249a147b798dd0c734253e6a218abf') in 0.018541 seconds
  Import took 0.020864 seconds .

========================================================================
Received Import Request.
  Time since last request: 0.000134 seconds.
  path: Assets/Morumotto_ Wheerun_Title/Textures/game_end_check_logo.png
  artifactKey: Guid(6a602cff0a7bc444a9e202c5c750f967) Importer(815301076,1909f56bfc062723c751e8b465ee728b)
Start importing Assets/Morumotto_ Wheerun_Title/Textures/game_end_check_logo.png using Guid(6a602cff0a7bc444a9e202c5c750f967) Importer(815301076,1909f56bfc062723c751e8b465ee728b)  -> (artifact id: 'f61e33f92162ab2c64f0dcda2158ee26') in 0.010962 seconds
  Import took 0.013220 seconds .

========================================================================
Received Import Request.
  Time since last request: 0.000150 seconds.
  path: Assets/Morumotto_ Wheerun_Title/Textures/data_delete_logo.png
  artifactKey: Guid(ca2294ee7f340424d8bf37378f66527e) Importer(815301076,1909f56bfc062723c751e8b465ee728b)
Start importing Assets/Morumotto_ Wheerun_Title/Textures/data_delete_logo.png using Guid(ca2294ee7f340424d8bf37378f66527e) Importer(815301076,1909f56bfc062723c751e8b465ee728b)  -> (artifact id: '6fd48cd769fdc0e4641207bac61fbdfe') in 0.013797 seconds
  Import took 0.016180 seconds .

========================================================================
Received Import Request.
  Time since last request: 0.000138 seconds.
  path: Assets/Morumotto_ Wheerun_Title/Textures/yes_logo.png
  artifactKey: Guid(2a262e4bd0ee3604884753df280761d1) Importer(815301076,1909f56bfc062723c751e8b465ee728b)
Start importing Assets/Morumotto_ Wheerun_Title/Textures/yes_logo.png using Guid(2a262e4bd0ee3604884753df280761d1) Importer(815301076,1909f56bfc062723c751e8b465ee728b)  -> (artifact id: 'ca50e67e7061bd90e1eeb99b9b497db4') in 0.012383 seconds
  Import took 0.014793 seconds .

========================================================================
Received Import Request.
  Time since last request: 33.633665 seconds.
  path: Assets/Morumotto_ Wheerun_Title/Textures/data_delete_check_logo.png
  artifactKey: Guid(70cd66327ce26344ebb747e63003bfe6) Importer(815301076,1909f56bfc062723c751e8b465ee728b)
Start importing Assets/Morumotto_ Wheerun_Title/Textures/data_delete_check_logo.png using Guid(70cd66327ce26344ebb747e63003bfe6) Importer(815301076,1909f56bfc062723c751e8b465ee728b)  -> (artifact id: 'ece52d1c3aa68aa6a56c284445b0937e') in 0.011076 seconds
  Import took 0.013321 seconds .

========================================================================
Received Import Request.
  Time since last request: 0.000131 seconds.
  path: Assets/Morumotto_ Wheerun_Title/Textures/no_logo.png
  artifactKey: Guid(9b9763b8c84e9c841b2339690e823fe0) Importer(815301076,1909f56bfc062723c751e8b465ee728b)
Start importing Assets/Morumotto_ Wheerun_Title/Textures/no_logo.png using Guid(9b9763b8c84e9c841b2339690e823fe0) Importer(815301076,1909f56bfc062723c751e8b465ee728b)  -> (artifact id: '6dc88ca29712052565072751eb6135dd') in 0.008498 seconds
  Import took 0.010582 seconds .

========================================================================
Received Import Request.
  Time since last request: 0.000167 seconds.
  path: Assets/Morumotto_ Wheerun_Title/Textures/game_start_logo.png
  artifactKey: Guid(5a633cb73e0e8ce49ac36c14165681d9) Importer(815301076,1909f56bfc062723c751e8b465ee728b)
Start importing Assets/Morumotto_ Wheerun_Title/Textures/game_start_logo.png using Guid(5a633cb73e0e8ce49ac36c14165681d9) Importer(815301076,1909f56bfc062723c751e8b465ee728b)  -> (artifact id: '16d92953f2dcf23770cd340fb6d9a07d') in 0.009029 seconds
  Import took 0.011066 seconds .

========================================================================
Received Import Request.
  Time since last request: 0.000185 seconds.
  path: Assets/Morumotto_ Wheerun_Title/Textures/data_delete_complete_logo.png
  artifactKey: Guid(66cea134681133a47ac5449385a78dfb) Importer(815301076,1909f56bfc062723c751e8b465ee728b)
Start importing Assets/Morumotto_ Wheerun_Title/Textures/data_delete_complete_logo.png using Guid(66cea134681133a47ac5449385a78dfb) Importer(815301076,1909f56bfc062723c751e8b465ee728b)  -> (artifact id: 'b7ccb19d92d27e592d05063ab03f5b3c') in 0.008637 seconds
  Import took 0.010533 seconds .

========================================================================
Received Import Request.
  Time since last request: 0.000155 seconds.
  path: Assets/Morumotto_ Wheerun_Title/Textures/push_game_start_logo.png
  artifactKey: Guid(089aef99fdac49748a7ca96add20aa96) Importer(815301076,1909f56bfc062723c751e8b465ee728b)
Start importing Assets/Morumotto_ Wheerun_Title/Textures/push_game_start_logo.png using Guid(089aef99fdac49748a7ca96add20aa96) Importer(815301076,1909f56bfc062723c751e8b465ee728b)  -> (artifact id: 'b7b2058292bd8ed98e8a78d1b0549dc7') in 0.008381 seconds
  Import took 0.010242 seconds .

========================================================================
Received Import Request.
  Time since last request: 0.000195 seconds.
  path: Assets/Morumotto_ Wheerun_Title/Textures/game_end_logo.png
  artifactKey: Guid(1ac75b4917918cd4585be8b726a53558) Importer(815301076,1909f56bfc062723c751e8b465ee728b)
Start importing Assets/Morumotto_ Wheerun_Title/Textures/game_end_logo.png using Guid(1ac75b4917918cd4585be8b726a53558) Importer(815301076,1909f56bfc062723c751e8b465ee728b)  -> (artifact id: 'db2e4d442029e6a092805a471e69bfac') in 0.008803 seconds
  Import took 0.010656 seconds .

========================================================================
Received Import Request.
  Time since last request: 0.000211 seconds.
  path: Assets/Morumotto_ Wheerun_Title/Textures/game_end_check_logo.png
  artifactKey: Guid(6a602cff0a7bc444a9e202c5c750f967) Importer(815301076,1909f56bfc062723c751e8b465ee728b)
Start importing Assets/Morumotto_ Wheerun_Title/Textures/game_end_check_logo.png using Guid(6a602cff0a7bc444a9e202c5c750f967) Importer(815301076,1909f56bfc062723c751e8b465ee728b)  -> (artifact id: '1a4e132c89624fdd333113f6a8470d5e') in 0.008632 seconds
  Import took 0.010488 seconds .

========================================================================
Received Import Request.
  Time since last request: 0.000194 seconds.
  path: Assets/Morumotto_ Wheerun_Title/Textures/data_delete_logo.png
  artifactKey: Guid(ca2294ee7f340424d8bf37378f66527e) Importer(815301076,1909f56bfc062723c751e8b465ee728b)
Start importing Assets/Morumotto_ Wheerun_Title/Textures/data_delete_logo.png using Guid(ca2294ee7f340424d8bf37378f66527e) Importer(815301076,1909f56bfc062723c751e8b465ee728b)  -> (artifact id: '70177c30162b8666342dc498e52e406c') in 0.008996 seconds
  Import took 0.010830 seconds .

========================================================================
Received Import Request.
  Time since last request: 0.000213 seconds.
  path: Assets/Morumotto_ Wheerun_Title/Textures/yes_logo.png
  artifactKey: Guid(2a262e4bd0ee3604884753df280761d1) Importer(815301076,1909f56bfc062723c751e8b465ee728b)
Start importing Assets/Morumotto_ Wheerun_Title/Textures/yes_logo.png using Guid(2a262e4bd0ee3604884753df280761d1) Importer(815301076,1909f56bfc062723c751e8b465ee728b)  -> (artifact id: '736e64d94f9aff8173c5d1fdad736444') in 0.008747 seconds
  Import took 0.010753 seconds .

========================================================================
Received Import Request.
  Time since last request: 9.340352 seconds.
  path: Assets/Morumotto_ Wheerun_Title/Textures/data_delete_check_logo.png
  artifactKey: Guid(70cd66327ce26344ebb747e63003bfe6) Importer(815301076,1909f56bfc062723c751e8b465ee728b)
Start importing Assets/Morumotto_ Wheerun_Title/Textures/data_delete_check_logo.png using Guid(70cd66327ce26344ebb747e63003bfe6) Importer(815301076,1909f56bfc062723c751e8b465ee728b)  -> (artifact id: '0e5ee951c7be987883e1b82e966422c4') in 0.028706 seconds
  Import took 0.030864 seconds .

========================================================================
Received Import Request.
  Time since last request: 7.460976 seconds.
  path: Assets/Morumotto_ Wheerun_Title/Textures/data_delete_complete_logo.png
  artifactKey: Guid(66cea134681133a47ac5449385a78dfb) Importer(815301076,1909f56bfc062723c751e8b465ee728b)
Start importing Assets/Morumotto_ Wheerun_Title/Textures/data_delete_complete_logo.png using Guid(66cea134681133a47ac5449385a78dfb) Importer(815301076,1909f56bfc062723c751e8b465ee728b)  -> (artifact id: '078f0f994fe9a9a2e488096705f7027a') in 0.020202 seconds
  Import took 0.022529 seconds .

========================================================================
Received Import Request.
  Time since last request: 9.438857 seconds.
  path: Assets/Morumotto_ Wheerun_Title/Scenes
  artifactKey: Guid(4833cf1d9175433419c1db979083b319) Importer(815301076,1909f56bfc062723c751e8b465ee728b)
Start importing Assets/Morumotto_ Wheerun_Title/Scenes using Guid(4833cf1d9175433419c1db979083b319) Importer(815301076,1909f56bfc062723c751e8b465ee728b)  -> (artifact id: '162e94ed6374520685d6a1a7c904e835') in 0.006461 seconds
  Import took 0.009085 seconds .

========================================================================
Received Import Request.
  Time since last request: 0.470088 seconds.
  path: Assets/Morumotto_ Wheerun_Title/Scenes/Title_Scene.unity
  artifactKey: Guid(195bce6ee72c8f943be7c33e3bc6e4e0) Importer(815301076,1909f56bfc062723c751e8b465ee728b)
Start importing Assets/Morumotto_ Wheerun_Title/Scenes/Title_Scene.unity using Guid(195bce6ee72c8f943be7c33e3bc6e4e0) Importer(815301076,1909f56bfc062723c751e8b465ee728b)  -> (artifact id: '11913e9458f98512da98251146780d76') in 0.007001 seconds
  Import took 0.009200 seconds .

========================================================================
Received Import Request.
  Time since last request: 8.952742 seconds.
  path: Assets/Morumotto_ Wheerun_Title/Textures/data_delete_logo.png
  artifactKey: Guid(ca2294ee7f340424d8bf37378f66527e) Importer(815301076,1909f56bfc062723c751e8b465ee728b)
Start importing Assets/Morumotto_ Wheerun_Title/Textures/data_delete_logo.png using Guid(ca2294ee7f340424d8bf37378f66527e) Importer(815301076,1909f56bfc062723c751e8b465ee728b)  -> (artifact id: 'f16d75989a406ea5534391d2eba104a4') in 0.013676 seconds
  Import took 0.015928 seconds .

========================================================================
Received Import Request.
  Time since last request: 0.003086 seconds.
  path: Assets/Morumotto_ Wheerun_Title/Textures/data_delete_logo.png
  artifactKey: Guid(ca2294ee7f340424d8bf37378f66527e) Importer(815301076,1909f56bfc062723c751e8b465ee728b)
Start importing Assets/Morumotto_ Wheerun_Title/Textures/data_delete_logo.png using Guid(ca2294ee7f340424d8bf37378f66527e) Importer(815301076,1909f56bfc062723c751e8b465ee728b)  -> (artifact id: 'f16d75989a406ea5534391d2eba104a4') in 0.010430 seconds
  Import took 0.012811 seconds .

========================================================================
Received Import Request.
  Time since last request: 4.448443 seconds.
  path: Assets/Morumotto_ Wheerun_Title/Textures/game_end_check_logo.png
  artifactKey: Guid(6a602cff0a7bc444a9e202c5c750f967) Importer(815301076,1909f56bfc062723c751e8b465ee728b)
Start importing Assets/Morumotto_ Wheerun_Title/Textures/game_end_check_logo.png using Guid(6a602cff0a7bc444a9e202c5c750f967) Importer(815301076,1909f56bfc062723c751e8b465ee728b)  -> (artifact id: '3333106f94f2990950fc8c42cb52695e') in 0.014942 seconds
  Import took 0.017207 seconds .

========================================================================
Received Import Request.
  Time since last request: 0.004166 seconds.
  path: Assets/Morumotto_ Wheerun_Title/Textures/game_end_check_logo.png
  artifactKey: Guid(6a602cff0a7bc444a9e202c5c750f967) Importer(815301076,1909f56bfc062723c751e8b465ee728b)
Start importing Assets/Morumotto_ Wheerun_Title/Textures/game_end_check_logo.png using Guid(6a602cff0a7bc444a9e202c5c750f967) Importer(815301076,1909f56bfc062723c751e8b465ee728b)  -> (artifact id: '3333106f94f2990950fc8c42cb52695e') in 0.011009 seconds
  Import took 0.013367 seconds .

========================================================================
Received Import Request.
  Time since last request: 3.719943 seconds.
  path: Assets/Morumotto_ Wheerun_Title/Textures/game_end_logo.png
  artifactKey: Guid(1ac75b4917918cd4585be8b726a53558) Importer(815301076,1909f56bfc062723c751e8b465ee728b)
Start importing Assets/Morumotto_ Wheerun_Title/Textures/game_end_logo.png using Guid(1ac75b4917918cd4585be8b726a53558) Importer(815301076,1909f56bfc062723c751e8b465ee728b)  -> (artifact id: '6be65be65f67a5df39ceeed349036a1b') in 0.013522 seconds
  Import took 0.015769 seconds .

========================================================================
Received Import Request.
  Time since last request: 0.002205 seconds.
  path: Assets/Morumotto_ Wheerun_Title/Textures/game_end_logo.png
  artifactKey: Guid(1ac75b4917918cd4585be8b726a53558) Importer(815301076,1909f56bfc062723c751e8b465ee728b)
Start importing Assets/Morumotto_ Wheerun_Title/Textures/game_end_logo.png using Guid(1ac75b4917918cd4585be8b726a53558) Importer(815301076,1909f56bfc062723c751e8b465ee728b)  -> (artifact id: '6be65be65f67a5df39ceeed349036a1b') in 0.010642 seconds
  Import took 0.012866 seconds .

========================================================================
Received Import Request.
  Time since last request: 4.287887 seconds.
  path: Assets/Morumotto_ Wheerun_Title/Textures/game_start_logo.png
  artifactKey: Guid(5a633cb73e0e8ce49ac36c14165681d9) Importer(815301076,1909f56bfc062723c751e8b465ee728b)
Start importing Assets/Morumotto_ Wheerun_Title/Textures/game_start_logo.png using Guid(5a633cb73e0e8ce49ac36c14165681d9) Importer(815301076,1909f56bfc062723c751e8b465ee728b)  -> (artifact id: '355ffd6f3348689548d06816ff2a5fda') in 0.022543 seconds
  Import took 0.024761 seconds .

========================================================================
Received Import Request.
  Time since last request: 4.002516 seconds.
  path: Assets/Morumotto_ Wheerun_Title/Textures/no_logo.png
  artifactKey: Guid(9b9763b8c84e9c841b2339690e823fe0) Importer(815301076,1909f56bfc062723c751e8b465ee728b)
Start importing Assets/Morumotto_ Wheerun_Title/Textures/no_logo.png using Guid(9b9763b8c84e9c841b2339690e823fe0) Importer(815301076,1909f56bfc062723c751e8b465ee728b)  -> (artifact id: 'f45b9abc80ceff8f5ccab735c7f2f543') in 0.013082 seconds
  Import took 0.015295 seconds .

========================================================================
Received Import Request.
  Time since last request: 0.004646 seconds.
  path: Assets/Morumotto_ Wheerun_Title/Textures/no_logo.png
  artifactKey: Guid(9b9763b8c84e9c841b2339690e823fe0) Importer(815301076,1909f56bfc062723c751e8b465ee728b)
Start importing Assets/Morumotto_ Wheerun_Title/Textures/no_logo.png using Guid(9b9763b8c84e9c841b2339690e823fe0) Importer(815301076,1909f56bfc062723c751e8b465ee728b)  -> (artifact id: 'f45b9abc80ceff8f5ccab735c7f2f543') in 0.011341 seconds
  Import took 0.013709 seconds .

========================================================================
Received Import Request.
  Time since last request: 4.045480 seconds.
  path: Assets/Morumotto_ Wheerun_Title/Textures/push_game_start_logo.png
  artifactKey: Guid(089aef99fdac49748a7ca96add20aa96) Importer(815301076,1909f56bfc062723c751e8b465ee728b)
Start importing Assets/Morumotto_ Wheerun_Title/Textures/push_game_start_logo.png using Guid(089aef99fdac49748a7ca96add20aa96) Importer(815301076,1909f56bfc062723c751e8b465ee728b)  -> (artifact id: '522e4425ec9828a78bf217c75be53983') in 0.014797 seconds
  Import took 0.017049 seconds .

========================================================================
Received Import Request.
  Time since last request: 0.004939 seconds.
  path: Assets/Morumotto_ Wheerun_Title/Textures/push_game_start_logo.png
  artifactKey: Guid(089aef99fdac49748a7ca96add20aa96) Importer(815301076,1909f56bfc062723c751e8b465ee728b)
Start importing Assets/Morumotto_ Wheerun_Title/Textures/push_game_start_logo.png using Guid(089aef99fdac49748a7ca96add20aa96) Importer(815301076,1909f56bfc062723c751e8b465ee728b)  -> (artifact id: '522e4425ec9828a78bf217c75be53983') in 0.010780 seconds
  Import took 0.013675 seconds .

========================================================================
Received Import Request.
  Time since last request: 9.321509 seconds.
  path: Assets/Morumotto_ Wheerun_Title/Textures/yes_logo.png
  artifactKey: Guid(2a262e4bd0ee3604884753df280761d1) Importer(815301076,1909f56bfc062723c751e8b465ee728b)
Start importing Assets/Morumotto_ Wheerun_Title/Textures/yes_logo.png using Guid(2a262e4bd0ee3604884753df280761d1) Importer(815301076,1909f56bfc062723c751e8b465ee728b)  -> (artifact id: '95fb1a0474cc8dd75551825ee96d7f62') in 0.013954 seconds
  Import took 0.016391 seconds .

========================================================================
Received Import Request.
  Time since last request: 0.004197 seconds.
  path: Assets/Morumotto_ Wheerun_Title/Textures/yes_logo.png
  artifactKey: Guid(2a262e4bd0ee3604884753df280761d1) Importer(815301076,1909f56bfc062723c751e8b465ee728b)
Start importing Assets/Morumotto_ Wheerun_Title/Textures/yes_logo.png using Guid(2a262e4bd0ee3604884753df280761d1) Importer(815301076,1909f56bfc062723c751e8b465ee728b)  -> (artifact id: '95fb1a0474cc8dd75551825ee96d7f62') in 0.010816 seconds
  Import took 0.013216 seconds .

========================================================================
Received Prepare
Registering precompiled user dll's ...
Registered in 0.000946 seconds.
Begin MonoManager ReloadAssembly
Native extension for WindowsStandalone target not found
Refreshing native plugins compatible for Editor in 0.40 ms, found 0 plugins.
Preloading 0 native plugins for Editor in 0.00 ms.
Invoked RoslynAnalysisRunner static constructor.
RoslynAnalysisRunner will not be running.
RoslynAnalysisRunner has terminated.
Mono: successfully reloaded assembly
- Completed reload, in  0.648 seconds
Platform modules already initialized, skipping
Refreshing native plugins compatible for Editor in 0.34 ms, found 0 plugins.
Preloading 0 native plugins for Editor in 0.00 ms.
Unloading 1411 Unused Serialized files (Serialized files now loaded: 0)
System memory in use before: 77.8 MB.
System memory in use after: 77.5 MB.

Unloading 7 unused Assets to reduce memory usage. Loaded Objects now: 1923.
Total: 1.780000 ms (FindLiveObjects: 0.147800 ms CreateObjectMapping: 0.043800 ms MarkObjects: 1.338700 ms  DeleteObjects: 0.248600 ms)

========================================================================
Received Prepare
Registering precompiled user dll's ...
Registered in 0.000827 seconds.
Begin MonoManager ReloadAssembly
Native extension for WindowsStandalone target not found
Refreshing native plugins compatible for Editor in 0.40 ms, found 0 plugins.
Preloading 0 native plugins for Editor in 0.00 ms.
Invoked RoslynAnalysisRunner static constructor.
RoslynAnalysisRunner will not be running.
RoslynAnalysisRunner has terminated.
Mono: successfully reloaded assembly
- Completed reload, in  0.643 seconds
Platform modules already initialized, skipping
Refreshing native plugins compatible for Editor in 0.34 ms, found 0 plugins.
Preloading 0 native plugins for Editor in 0.00 ms.
Unloading 1411 Unused Serialized files (Serialized files now loaded: 0)
System memory in use before: 77.7 MB.
System memory in use after: 77.5 MB.

Unloading 7 unused Assets to reduce memory usage. Loaded Objects now: 1926.
Total: 1.731900 ms (FindLiveObjects: 0.161000 ms CreateObjectMapping: 0.047400 ms MarkObjects: 1.199100 ms  DeleteObjects: 0.323500 ms)

AssetImportWorkerClient::OnTransportError - code=2 error=End of file
