Using pre-set license
Built from '2020.3/release' branch; Version is '2020.3.2f1 (8fd9074bf66c) revision 9427207'; Using compiler version '192528614'; Build Type 'Release'
OS: 'Windows 10 Home; OS build 19042.985; Version 2009; 64bit' Language: 'ja' Physical Memory: 16207 MB
BatchMode: 1, IsHumanControllingUs: 0, StartBugReporterOnCrash: 0, Is64bit: 1, IsPro: 0

 COMMAND LINE ARGUMENTS:
C:\Program Files\Unity\Hub\Editor\2019.4.16f1\Editor\Unity.exe
-adb2
-batchMode
-noUpm
-name
AssetImportWorker0
-projectPath
C:/ゲーム制作サークル/2021年度/日本ゲーム大賞アマチュア部門/JGA_2021_バージョン管理/Morumotto_ Wheerun_Movie
-logFile
Logs/AssetImportWorker0.log
-srvPort
56904
Successfully changed project path to: C:/ゲーム制作サークル/2021年度/日本ゲーム大賞アマチュア部門/JGA_2021_バージョン管理/Morumotto_ Wheerun_Movie
C:/ゲーム制作サークル/2021年度/日本ゲーム大賞アマチュア部門/JGA_2021_バージョン管理/Morumotto_ Wheerun_Movie
Using Asset Import Pipeline V2.
Refreshing native plugins compatible for Editor in 19.73 ms, found 0 plugins.
Preloading 0 native plugins for Editor in 0.00 ms.
Initialize engine version: 2020.3.2f1 (8fd9074bf66c)
[Subsystems] Discovering subsystems at path C:/Program Files/Unity/Hub/Editor/2019.4.16f1/Editor/Data/Resources/UnitySubsystems
[Subsystems] Discovering subsystems at path C:/ゲーム制作サークル/2021年度/日本ゲーム大賞アマチュア部門/JGA_2021_バージョン管理/Morumotto_ Wheerun_Movie/Assets
GfxDevice: creating device client; threaded=0
Direct3D:
    Version:  Direct3D 11.0 [level 11.1]
    Renderer: NVIDIA GeForce GTX 1660 Ti (ID=0x2191)
    Vendor:   
    VRAM:     5991 MB
    Driver:   27.21.14.6230
Initialize mono
Mono path[0] = 'C:/Program Files/Unity/Hub/Editor/2019.4.16f1/Editor/Data/Managed'
Mono path[1] = 'C:/Program Files/Unity/Hub/Editor/2019.4.16f1/Editor/Data/MonoBleedingEdge/lib/mono/unityjit'
Mono config path = 'C:/Program Files/Unity/Hub/Editor/2019.4.16f1/Editor/Data/MonoBleedingEdge/etc'
Using monoOptions --debugger-agent=transport=dt_socket,embedding=1,server=y,suspend=n,address=127.0.0.1:56364
Begin MonoManager ReloadAssembly
Registering precompiled unity dll's ...
Register platform support module: C:/Program Files/Unity/Hub/Editor/2019.4.16f1/Editor/Data/PlaybackEngines/WindowsStandaloneSupport/UnityEditor.WindowsStandalone.Extensions.dll
Registered in 0.001738 seconds.
Native extension for WindowsStandalone target not found
Refreshing native plugins compatible for Editor in 19.66 ms, found 0 plugins.
Preloading 0 native plugins for Editor in 0.00 ms.
Invoked RoslynAnalysisRunner static constructor.
RoslynAnalysisRunner will not be running.
RoslynAnalysisRunner has terminated.
Mono: successfully reloaded assembly
- Completed reload, in  0.798 seconds
Platform modules already initialized, skipping
Registering precompiled user dll's ...
Registered in 0.000526 seconds.
Begin MonoManager ReloadAssembly
Native extension for WindowsStandalone target not found
Refreshing native plugins compatible for Editor in 0.19 ms, found 0 plugins.
Preloading 0 native plugins for Editor in 0.00 ms.
Invoked RoslynAnalysisRunner static constructor.
RoslynAnalysisRunner will not be running.
RoslynAnalysisRunner has terminated.
Mono: successfully reloaded assembly
- Completed reload, in  0.678 seconds
Platform modules already initialized, skipping
========================================================================
Worker process is ready to serve import requests
Launched and connected shader compiler UnityShaderCompiler.exe after 0.03 seconds
Refreshing native plugins compatible for Editor in 0.19 ms, found 0 plugins.
Preloading 0 native plugins for Editor in 0.00 ms.
Unloading 1117 Unused Serialized files (Serialized files now loaded: 0)
System memory in use before: 58.1 MB.
System memory in use after: 58.2 MB.

Unloading 9 unused Assets to reduce memory usage. Loaded Objects now: 1562.
Total: 1.714900 ms (FindLiveObjects: 0.107500 ms CreateObjectMapping: 0.032700 ms MarkObjects: 1.528200 ms  DeleteObjects: 0.045700 ms)

========================================================================
Received Import Request.
  path: Assets/Scenes
  artifactKey: Guid(fe9ad708d991fd74fbe51b7d8e175520) Importer(815301076,1909f56bfc062723c751e8b465ee728b)
Start importing Assets/Scenes using Guid(fe9ad708d991fd74fbe51b7d8e175520) Importer(815301076,1909f56bfc062723c751e8b465ee728b)  -> (artifact id: '17c19147aa861f6de48177ca90d63720') in 0.006562 seconds
  Import took 0.008094 seconds .

========================================================================
Received Import Request.
  Time since last request: 0.000275 seconds.
  path: Assets/Scripts/Movie
  artifactKey: Guid(20602077bc875ef4aaaff383c75a34a1) Importer(815301076,1909f56bfc062723c751e8b465ee728b)
Start importing Assets/Scripts/Movie using Guid(20602077bc875ef4aaaff383c75a34a1) Importer(815301076,1909f56bfc062723c751e8b465ee728b)  -> (artifact id: '025754dc1a2bb0ffcc8f212b3ed72f84') in 0.005319 seconds
  Import took 0.006743 seconds .

========================================================================
Received Import Request.
  Time since last request: 0.000172 seconds.
  path: Assets/Scripts
  artifactKey: Guid(d457d8dae6f9a1c4291db135bfc45d50) Importer(815301076,1909f56bfc062723c751e8b465ee728b)
Start importing Assets/Scripts using Guid(d457d8dae6f9a1c4291db135bfc45d50) Importer(815301076,1909f56bfc062723c751e8b465ee728b)  -> (artifact id: '1a47c8bed0e6cd7883b0542eea2f03ac') in 0.005890 seconds
  Import took 0.007695 seconds .

========================================================================
Received Import Request.
  Time since last request: 0.679915 seconds.
  path: Assets/Scripts/Movie/Movie_Draw_Controller.cs
  artifactKey: Guid(9fc28831880f522429a5448163e54fc8) Importer(815301076,1909f56bfc062723c751e8b465ee728b)
Start importing Assets/Scripts/Movie/Movie_Draw_Controller.cs using Guid(9fc28831880f522429a5448163e54fc8) Importer(815301076,1909f56bfc062723c751e8b465ee728b)  -> (artifact id: '201799032c2a5cabb7c5555e0aab108d') in 0.021063 seconds
  Import took 0.022666 seconds .

========================================================================
Received Import Request.
  Time since last request: 0.351998 seconds.
  path: Assets/Scripts/Movie/Movie_Draw_Controller.cs
  artifactKey: Guid(9fc28831880f522429a5448163e54fc8) Importer(815301076,1909f56bfc062723c751e8b465ee728b)
Start importing Assets/Scripts/Movie/Movie_Draw_Controller.cs using Guid(9fc28831880f522429a5448163e54fc8) Importer(815301076,1909f56bfc062723c751e8b465ee728b)  -> (artifact id: '201799032c2a5cabb7c5555e0aab108d') in 0.001801 seconds
  Import took 0.003292 seconds .

========================================================================
Received Import Request.
  Time since last request: 41.625553 seconds.
  path: Assets/Scripts/Movie/Movie_Draw_Controller.cs
  artifactKey: Guid(9fc28831880f522429a5448163e54fc8) Importer(815301076,1909f56bfc062723c751e8b465ee728b)
Start importing Assets/Scripts/Movie/Movie_Draw_Controller.cs using Guid(9fc28831880f522429a5448163e54fc8) Importer(815301076,1909f56bfc062723c751e8b465ee728b)  -> (artifact id: '72d0df4c1ac4b06b56f2e92fa2a968a4') in 0.001726 seconds
  Import took 0.003600 seconds .

========================================================================
Received Prepare
Registering precompiled user dll's ...
Registered in 0.000460 seconds.
Begin MonoManager ReloadAssembly
Native extension for WindowsStandalone target not found
Refreshing native plugins compatible for Editor in 0.20 ms, found 0 plugins.
Preloading 0 native plugins for Editor in 0.00 ms.
Invoked RoslynAnalysisRunner static constructor.
RoslynAnalysisRunner will not be running.
RoslynAnalysisRunner has terminated.
Mono: successfully reloaded assembly
- Completed reload, in  0.670 seconds
Platform modules already initialized, skipping
Refreshing native plugins compatible for Editor in 0.21 ms, found 0 plugins.
Preloading 0 native plugins for Editor in 0.00 ms.
Unloading 1111 Unused Serialized files (Serialized files now loaded: 0)
System memory in use before: 58.0 MB.
System memory in use after: 58.1 MB.

Unloading 4 unused Assets to reduce memory usage. Loaded Objects now: 1565.
Total: 1.592200 ms (FindLiveObjects: 0.156500 ms CreateObjectMapping: 0.038700 ms MarkObjects: 1.382800 ms  DeleteObjects: 0.013400 ms)

========================================================================
Received Prepare
Registering precompiled user dll's ...
Registered in 0.000695 seconds.
Begin MonoManager ReloadAssembly
Native extension for WindowsStandalone target not found
Refreshing native plugins compatible for Editor in 0.20 ms, found 0 plugins.
Preloading 0 native plugins for Editor in 0.00 ms.
Invoked RoslynAnalysisRunner static constructor.
RoslynAnalysisRunner will not be running.
RoslynAnalysisRunner has terminated.
Mono: successfully reloaded assembly
- Completed reload, in  0.598 seconds
Platform modules already initialized, skipping
Refreshing native plugins compatible for Editor in 0.20 ms, found 0 plugins.
Preloading 0 native plugins for Editor in 0.00 ms.
Unloading 1111 Unused Serialized files (Serialized files now loaded: 0)
System memory in use before: 58.0 MB.
System memory in use after: 58.1 MB.

Unloading 4 unused Assets to reduce memory usage. Loaded Objects now: 1568.
Total: 1.247300 ms (FindLiveObjects: 0.145800 ms CreateObjectMapping: 0.029100 ms MarkObjects: 1.063600 ms  DeleteObjects: 0.008200 ms)

AssetImportWorkerClient::OnTransportError - code=2 error=End of file
